* Starting client
* Connecting to master process on port 8825
* Analyzing classpath: 
  - /home/ryahiaoui/jaxy_2019/jax-Y-ws/dep/01_G-Jax-Swar-Api/target/test-classes
  - /home/ryahiaoui/jaxy_2019/jax-Y-ws/dep/01_G-Jax-Swar-Api/target/classes
  - /home/ryahiaoui/.m2/repository/javax/javaee-api/7.0/javaee-api-7.0.jar
  - /home/ryahiaoui/.m2/repository/com/sun/mail/javax.mail/1.5.0/javax.mail-1.5.0.jar
  - /home/ryahiaoui/.m2/repository/javax/activation/activation/1.1/activation-1.1.jar
  - /home/ryahiaoui/.m2/repository/io/github/lukehutch/fast-classpath-scanner/2.0.18/fast-classpath-scanner-2.0.18.jar
  - /home/ryahiaoui/.m2/repository/com/github/jsqlparser/jsqlparser/0.9.7/jsqlparser-0.9.7.jar
  - /home/ryahiaoui/.m2/repository/org/eclipse/persistence/org.eclipse.persistence.moxy/2.6.4/org.eclipse.persistence.moxy-2.6.4.jar
  - /home/ryahiaoui/.m2/repository/org/eclipse/persistence/org.eclipse.persistence.core/2.6.4/org.eclipse.persistence.core-2.6.4.jar
  - /home/ryahiaoui/.m2/repository/org/eclipse/persistence/org.eclipse.persistence.asm/2.6.4/org.eclipse.persistence.asm-2.6.4.jar
  - /home/ryahiaoui/.m2/repository/javax/validation/validation-api/1.1.0.Final/validation-api-1.1.0.Final.jar
  - /home/ryahiaoui/.m2/repository/org/glassfish/javax.json/1.0.4/javax.json-1.0.4.jar
  - /home/ryahiaoui/.m2/repository/org/apache/commons/commons-lang3/3.5/commons-lang3-3.5.jar
  - /home/ryahiaoui/.m2/repository/com/sun/xml/bind/jaxb-impl/2.0.1/jaxb-impl-2.0.1.jar
  - /home/ryahiaoui/.m2/repository/javax/xml/bind/jaxb-api/2.0/jaxb-api-2.0.jar
  - /home/ryahiaoui/.m2/repository/javax/xml/bind/jsr173_api/1.0/jsr173_api-1.0.jar
  - /home/ryahiaoui/.m2/repository/dom4j/dom4j/1.6.1/dom4j-1.6.1.jar
  - /home/ryahiaoui/.m2/repository/xml-apis/xml-apis/1.0.b2/xml-apis-1.0.b2.jar
  - /home/ryahiaoui/.m2/repository/junit/junit/4.12/junit-4.12.jar
  - /home/ryahiaoui/.m2/repository/org/hamcrest/hamcrest-core/1.3/hamcrest-core-1.3.jar
* Finished analyzing classpath
* Generating tests for class com.rac021.jax.api.crypto.FactoryCipher
* Test criteria:
  - Line Coverage
  - Branch Coverage
  - Exception
  - Mutation testing (weak)
  - Method-Output Coverage
  - Top-Level Method Coverage
  - No-Exception Top-Level Method Coverage
  - Context Branch Coverage
* Setting up search algorithm for whole suite generation
[MASTER] 17:30:33.071 [pool-2-thread-1] WARN  TestSuiteSerialization - Cannot load tests because file does not exist: /home/ryahiaoui/jaxy_2019/jax-Y-ws/dep/01_G-Jax-Swar-Api/.evosuite/evosuite-seeds/com.rac021.jax.api.crypto.FactoryCipher.seed
* Loaded 0 tests from /home/ryahiaoui/jaxy_2019/jax-Y-ws/dep/01_G-Jax-Swar-Api/.evosuite/evosuite-seeds/com.rac021.jax.api.crypto.FactoryCipher.seed
* Total number of test goals: 
  - Line 25
  - Branch 25
  - Exception 0
  - MutationFactory 37
  - Output 2
  - Method 2
  - MethodNoException 2
  - CBranchFitnessFactory 25
* Using seed 1526311829068
* Starting evolution
* Search finished after 95s and 698 generations, 78828 statements, best individual has fitness: 7.333332534427007
* Writing sequences to pool
* Minimizing test suite
* Going to analyze the coverage criteria
* Coverage analysis for criterion LINE
* Coverage of criterion LINE: 100%
* Total number of goals: 25
* Number of covered goals: 25
* Coverage analysis for criterion BRANCH
* Coverage of criterion BRANCH: 100%
* Total number of goals: 25
* Number of covered goals: 25
* Coverage analysis for criterion EXCEPTION
* Coverage of criterion EXCEPTION: 100%
* Total number of goals: 2
* Number of covered goals: 2
* Coverage analysis for criterion WEAKMUTATION
* Coverage of criterion WEAKMUTATION: 84%
* Total number of goals: 37
* Number of covered goals: 31
* Coverage analysis for criterion OUTPUT
* Coverage of criterion OUTPUT: 50%
* Total number of goals: 2
* Number of covered goals: 1
* Coverage analysis for criterion METHOD
* Coverage of criterion METHOD: 100%
* Total number of goals: 2
* Number of covered goals: 2
* Coverage analysis for criterion METHODNOEXCEPTION
* Coverage of criterion METHODNOEXCEPTION: 100%
* Total number of goals: 2
* Number of covered goals: 2
* Coverage analysis for criterion CBRANCH
* Coverage of criterion CBRANCH: 100%
* Total number of goals: 25
* Number of covered goals: 25
* Generated 14 tests with total length 14
* Resulting test suite's coverage: 92% (average coverage for all fitness functions)
* Generating assertions
* Resulting test suite's mutation score: 38%
* Compiling and checking tests
* Permissions denied during test execution: 
  - java.io.FilePermission: 
         write /dev/random: 1
* Writing JUnit test case 'FactoryCipher_ESTest' to /home/ryahiaoui/jaxy_2019/jax-Y-ws/dep/01_G-Jax-Swar-Api/.evosuite/tmp_2018_05_14_17_26_15/tests
* Done!

