* Starting client
* Connecting to master process on port 11666
* Analyzing classpath: 
  - /home/ryahiaoui/jaxy_2019/jax-Y-ws/dep/01_G-Jax-Swar-Api/target/test-classes
  - /home/ryahiaoui/jaxy_2019/jax-Y-ws/dep/01_G-Jax-Swar-Api/target/classes
  - /home/ryahiaoui/.m2/repository/javax/javaee-api/7.0/javaee-api-7.0.jar
  - /home/ryahiaoui/.m2/repository/com/sun/mail/javax.mail/1.5.0/javax.mail-1.5.0.jar
  - /home/ryahiaoui/.m2/repository/javax/activation/activation/1.1/activation-1.1.jar
  - /home/ryahiaoui/.m2/repository/io/github/lukehutch/fast-classpath-scanner/2.0.18/fast-classpath-scanner-2.0.18.jar
  - /home/ryahiaoui/.m2/repository/com/github/jsqlparser/jsqlparser/0.9.7/jsqlparser-0.9.7.jar
  - /home/ryahiaoui/.m2/repository/org/eclipse/persistence/org.eclipse.persistence.moxy/2.6.4/org.eclipse.persistence.moxy-2.6.4.jar
  - /home/ryahiaoui/.m2/repository/org/eclipse/persistence/org.eclipse.persistence.core/2.6.4/org.eclipse.persistence.core-2.6.4.jar
  - /home/ryahiaoui/.m2/repository/org/eclipse/persistence/org.eclipse.persistence.asm/2.6.4/org.eclipse.persistence.asm-2.6.4.jar
  - /home/ryahiaoui/.m2/repository/javax/validation/validation-api/1.1.0.Final/validation-api-1.1.0.Final.jar
  - /home/ryahiaoui/.m2/repository/org/glassfish/javax.json/1.0.4/javax.json-1.0.4.jar
  - /home/ryahiaoui/.m2/repository/org/apache/commons/commons-lang3/3.5/commons-lang3-3.5.jar
  - /home/ryahiaoui/.m2/repository/com/sun/xml/bind/jaxb-impl/2.0.1/jaxb-impl-2.0.1.jar
  - /home/ryahiaoui/.m2/repository/javax/xml/bind/jaxb-api/2.0/jaxb-api-2.0.jar
  - /home/ryahiaoui/.m2/repository/javax/xml/bind/jsr173_api/1.0/jsr173_api-1.0.jar
  - /home/ryahiaoui/.m2/repository/dom4j/dom4j/1.6.1/dom4j-1.6.1.jar
  - /home/ryahiaoui/.m2/repository/xml-apis/xml-apis/1.0.b2/xml-apis-1.0.b2.jar
  - /home/ryahiaoui/.m2/repository/junit/junit/4.12/junit-4.12.jar
  - /home/ryahiaoui/.m2/repository/org/hamcrest/hamcrest-core/1.3/hamcrest-core-1.3.jar
* Finished analyzing classpath
* Generating tests for class com.rac021.jax.api.manager.DtoMapper
* Test criteria:
  - Line Coverage
  - Branch Coverage
  - Exception
  - Mutation testing (weak)
  - Method-Output Coverage
  - Top-Level Method Coverage
  - No-Exception Top-Level Method Coverage
  - Context Branch Coverage
* Setting up search algorithm for whole suite generation
[MASTER] 17:30:51.052 [pool-2-thread-1] WARN  TestSuiteSerialization - Cannot load tests because file does not exist: /home/ryahiaoui/jaxy_2019/jax-Y-ws/dep/01_G-Jax-Swar-Api/.evosuite/evosuite-seeds/com.rac021.jax.api.manager.DtoMapper.seed
* Loaded 0 tests from /home/ryahiaoui/jaxy_2019/jax-Y-ws/dep/01_G-Jax-Swar-Api/.evosuite/evosuite-seeds/com.rac021.jax.api.manager.DtoMapper.seed
* Total number of test goals: 
  - Line 43
  - Branch 27
  - Exception 0
  - MutationFactory 80
  - Output 12
  - Method 3
  - MethodNoException 3
  - CBranchFitnessFactory 27
* Using seed 1526311847544
* Starting evolution
