[MASTER] 17:30:51.371 [pool-2-thread-1] ERROR TestCluster - Failed to check cache for java.util.HashMap<K, V> : Type points to itself
[MASTER] 17:31:19.267 [TEST_EXECUTION_THREAD_0] ERROR AbstractStatement - Error assigning value of type HashMap defined at statement HashMap<Field, Object[]> hashMap0 = new HashMap<Field, Object[]>(), assignment statement: hashMapArray0[0] = hashMap0; SUT=com.rac021.jax.api.manager.DtoMapper
[MASTER] 17:31:26.055 [pool-2-thread-1] ERROR TestCluster - Failed to check cache for java.util.function.Predicate<T> : Type points to itself
[MASTER] 17:31:54.103 [pool-2-thread-1] ERROR TestCaseExecutor - ExecutionException (this is likely a serious error in the framework)
java.util.concurrent.ExecutionException: org.evosuite.testcase.execution.EvosuiteError: java.lang.OutOfMemoryError: Java heap space
	at java.util.concurrent.FutureTask.report(FutureTask.java:122) [na:1.8.0_05]
	at java.util.concurrent.FutureTask.get(FutureTask.java:206) [na:1.8.0_05]
	at org.evosuite.testcase.execution.TimeoutHandler.executeWithTimeout(TimeoutHandler.java:107) ~[evosuite-master-1.0.6.jar:1.0.6]
	at org.evosuite.testcase.execution.TimeoutHandler.execute(TimeoutHandler.java:96) ~[evosuite-master-1.0.6.jar:1.0.6]
	at org.evosuite.testcase.execution.TestCaseExecutor.execute(TestCaseExecutor.java:334) [evosuite-master-1.0.6.jar:1.0.6]
	at org.evosuite.testcase.execution.TestCaseExecutor.execute(TestCaseExecutor.java:277) [evosuite-master-1.0.6.jar:1.0.6]
	at org.evosuite.testcase.execution.TestCaseExecutor.execute(TestCaseExecutor.java:264) [evosuite-master-1.0.6.jar:1.0.6]
	at org.evosuite.testsuite.TestSuiteFitnessFunction.runTest(TestSuiteFitnessFunction.java:63) [evosuite-master-1.0.6.jar:1.0.6]
	at org.evosuite.testcase.TestChromosome.executeForFitnessFunction(TestChromosome.java:692) [evosuite-master-1.0.6.jar:1.0.6]
	at org.evosuite.testsuite.TestSuiteFitnessFunction.runTestSuite(TestSuiteFitnessFunction.java:97) [evosuite-master-1.0.6.jar:1.0.6]
	at org.evosuite.coverage.line.LineCoverageSuiteFitness.getFitness(LineCoverageSuiteFitness.java:157) [evosuite-master-1.0.6.jar:1.0.6]
	at org.evosuite.coverage.line.LineCoverageSuiteFitness.getFitness(LineCoverageSuiteFitness.java:45) [evosuite-master-1.0.6.jar:1.0.6]
	at org.evosuite.ga.metaheuristics.MonotonicGA.evolve(MonotonicGA.java:139) [evosuite-master-1.0.6.jar:1.0.6]
	at org.evosuite.ga.metaheuristics.MonotonicGA.generateSolution(MonotonicGA.java:245) [evosuite-master-1.0.6.jar:1.0.6]
	at org.evosuite.strategy.WholeTestSuiteStrategy.generateTests(WholeTestSuiteStrategy.java:113) [evosuite-master-1.0.6.jar:1.0.6]
	at org.evosuite.TestSuiteGenerator.generateTests(TestSuiteGenerator.java:653) [evosuite-master-1.0.6.jar:1.0.6]
	at org.evosuite.TestSuiteGenerator.generateTestSuite(TestSuiteGenerator.java:236) [evosuite-master-1.0.6.jar:1.0.6]
	at org.evosuite.rmi.service.ClientNodeImpl$1.run(ClientNodeImpl.java:145) [evosuite-master-1.0.6.jar:1.0.6]
	at java.util.concurrent.Executors$RunnableAdapter.call(Executors.java:511) [na:1.8.0_05]
	at java.util.concurrent.FutureTask.run(FutureTask.java:266) [na:1.8.0_05]
	at java.util.concurrent.ThreadPoolExecutor.runWorker(ThreadPoolExecutor.java:1142) [na:1.8.0_05]
	at java.util.concurrent.ThreadPoolExecutor$Worker.run(ThreadPoolExecutor.java:617) [na:1.8.0_05]
	at java.lang.Thread.run(Thread.java:745) [na:1.8.0_05]
Caused by: org.evosuite.testcase.execution.EvosuiteError: java.lang.OutOfMemoryError: Java heap space
	at org.evosuite.testcase.statements.MethodStatement$1.execute(MethodStatement.java:281) ~[evosuite-master-1.0.6.jar:1.0.6]
	at org.evosuite.testcase.statements.AbstractStatement.exceptionHandler(AbstractStatement.java:169) ~[evosuite-master-1.0.6.jar:1.0.6]
	at org.evosuite.testcase.statements.MethodStatement.execute(MethodStatement.java:220) ~[evosuite-master-1.0.6.jar:1.0.6]
	at org.evosuite.testcase.execution.TestRunnable.executeStatements(TestRunnable.java:307) ~[evosuite-master-1.0.6.jar:1.0.6]
	at org.evosuite.testcase.execution.TestRunnable.call(TestRunnable.java:213) ~[evosuite-master-1.0.6.jar:1.0.6]
	at org.evosuite.testcase.execution.TestRunnable.call(TestRunnable.java:55) ~[evosuite-master-1.0.6.jar:1.0.6]
	... 4 common frames omitted
Caused by: java.lang.OutOfMemoryError: Java heap space
	at java.util.Arrays.copyOf(Arrays.java:3175) ~[na:1.8.0_05]
	at java.util.ArrayList.grow(ArrayList.java:246) ~[na:1.8.0_05]
	at java.util.ArrayList.ensureExplicitCapacity(ArrayList.java:220) ~[na:1.8.0_05]
	at java.util.ArrayList.ensureCapacityInternal(ArrayList.java:212) ~[na:1.8.0_05]
	at java.util.ArrayList.add(ArrayList.java:443) ~[na:1.8.0_05]
	at org.evosuite.testcase.execution.Scope.setObject(Scope.java:76) ~[evosuite-master-1.0.6.jar:1.0.6]
	at org.evosuite.testcase.variable.VariableReferenceImpl.setObject(VariableReferenceImpl.java:385) ~[evosuite-master-1.0.6.jar:1.0.6]
	at org.evosuite.testcase.statements.MethodStatement$1.execute(MethodStatement.java:276) ~[evosuite-master-1.0.6.jar:1.0.6]
	... 9 common frames omitted
[MASTER] 17:31:54.104 [pool-2-thread-1] ERROR ClientNodeImpl - Error when generating tests for: com.rac021.jax.api.manager.DtoMapper with seed 1526311847544. Configuration id : default
org.evosuite.testcase.execution.EvosuiteError: java.lang.OutOfMemoryError: Java heap space
	at org.evosuite.testcase.statements.MethodStatement$1.execute(MethodStatement.java:281) ~[evosuite-master-1.0.6.jar:1.0.6]
	at org.evosuite.testcase.statements.AbstractStatement.exceptionHandler(AbstractStatement.java:169) ~[evosuite-master-1.0.6.jar:1.0.6]
	at org.evosuite.testcase.statements.MethodStatement.execute(MethodStatement.java:220) ~[evosuite-master-1.0.6.jar:1.0.6]
	at org.evosuite.testcase.execution.TestRunnable.executeStatements(TestRunnable.java:307) ~[evosuite-master-1.0.6.jar:1.0.6]
	at org.evosuite.testcase.execution.TestRunnable.call(TestRunnable.java:213) ~[evosuite-master-1.0.6.jar:1.0.6]
	at org.evosuite.testcase.execution.TestRunnable.call(TestRunnable.java:55) ~[evosuite-master-1.0.6.jar:1.0.6]
	at java.util.concurrent.FutureTask.run(FutureTask.java:266) [na:1.8.0_05]
	at java.util.concurrent.ThreadPoolExecutor.runWorker(ThreadPoolExecutor.java:1142) [na:1.8.0_05]
	at java.util.concurrent.ThreadPoolExecutor$Worker.run(ThreadPoolExecutor.java:617) [na:1.8.0_05]
	at java.lang.Thread.run(Thread.java:745) [na:1.8.0_05]
Caused by: java.lang.OutOfMemoryError: Java heap space
	at java.util.Arrays.copyOf(Arrays.java:3175) ~[na:1.8.0_05]
	at java.util.ArrayList.grow(ArrayList.java:246) ~[na:1.8.0_05]
	at java.util.ArrayList.ensureExplicitCapacity(ArrayList.java:220) ~[na:1.8.0_05]
	at java.util.ArrayList.ensureCapacityInternal(ArrayList.java:212) ~[na:1.8.0_05]
	at java.util.ArrayList.add(ArrayList.java:443) ~[na:1.8.0_05]
	at org.evosuite.testcase.execution.Scope.setObject(Scope.java:76) ~[evosuite-master-1.0.6.jar:1.0.6]
	at org.evosuite.testcase.variable.VariableReferenceImpl.setObject(VariableReferenceImpl.java:385) ~[evosuite-master-1.0.6.jar:1.0.6]
	at org.evosuite.testcase.statements.MethodStatement$1.execute(MethodStatement.java:276) ~[evosuite-master-1.0.6.jar:1.0.6]
	... 9 common frames omitted
