* Starting client
* Connecting to master process on port 15128
* Analyzing classpath: 
  - /home/ryahiaoui/jaxy_2019/jax-Y-ws/dep/01_G-Jax-Swar-Api/target/test-classes
  - /home/ryahiaoui/jaxy_2019/jax-Y-ws/dep/01_G-Jax-Swar-Api/target/classes
  - /home/ryahiaoui/.m2/repository/javax/javaee-api/7.0/javaee-api-7.0.jar
  - /home/ryahiaoui/.m2/repository/com/sun/mail/javax.mail/1.5.0/javax.mail-1.5.0.jar
  - /home/ryahiaoui/.m2/repository/javax/activation/activation/1.1/activation-1.1.jar
  - /home/ryahiaoui/.m2/repository/io/github/lukehutch/fast-classpath-scanner/2.0.18/fast-classpath-scanner-2.0.18.jar
  - /home/ryahiaoui/.m2/repository/com/github/jsqlparser/jsqlparser/0.9.7/jsqlparser-0.9.7.jar
  - /home/ryahiaoui/.m2/repository/org/eclipse/persistence/org.eclipse.persistence.moxy/2.6.4/org.eclipse.persistence.moxy-2.6.4.jar
  - /home/ryahiaoui/.m2/repository/org/eclipse/persistence/org.eclipse.persistence.core/2.6.4/org.eclipse.persistence.core-2.6.4.jar
  - /home/ryahiaoui/.m2/repository/org/eclipse/persistence/org.eclipse.persistence.asm/2.6.4/org.eclipse.persistence.asm-2.6.4.jar
  - /home/ryahiaoui/.m2/repository/javax/validation/validation-api/1.1.0.Final/validation-api-1.1.0.Final.jar
  - /home/ryahiaoui/.m2/repository/org/glassfish/javax.json/1.0.4/javax.json-1.0.4.jar
  - /home/ryahiaoui/.m2/repository/org/apache/commons/commons-lang3/3.5/commons-lang3-3.5.jar
  - /home/ryahiaoui/.m2/repository/com/sun/xml/bind/jaxb-impl/2.0.1/jaxb-impl-2.0.1.jar
  - /home/ryahiaoui/.m2/repository/javax/xml/bind/jaxb-api/2.0/jaxb-api-2.0.jar
  - /home/ryahiaoui/.m2/repository/javax/xml/bind/jsr173_api/1.0/jsr173_api-1.0.jar
  - /home/ryahiaoui/.m2/repository/dom4j/dom4j/1.6.1/dom4j-1.6.1.jar
  - /home/ryahiaoui/.m2/repository/xml-apis/xml-apis/1.0.b2/xml-apis-1.0.b2.jar
  - /home/ryahiaoui/.m2/repository/junit/junit/4.12/junit-4.12.jar
  - /home/ryahiaoui/.m2/repository/org/hamcrest/hamcrest-core/1.3/hamcrest-core-1.3.jar
* Finished analyzing classpath
* Generating tests for class com.rac021.jax.api.streamers.StreamerOutputTemplate
* Test criteria:
  - Line Coverage
  - Branch Coverage
  - Exception
  - Mutation testing (weak)
  - Method-Output Coverage
  - Top-Level Method Coverage
  - No-Exception Top-Level Method Coverage
  - Context Branch Coverage
* Setting up search algorithm for whole suite generation
[MASTER] 17:33:06.243 [pool-2-thread-1] WARN  TestSuiteSerialization - Cannot load tests because file does not exist: /home/ryahiaoui/jaxy_2019/jax-Y-ws/dep/01_G-Jax-Swar-Api/.evosuite/evosuite-seeds/com.rac021.jax.api.streamers.StreamerOutputTemplate.seed
* Loaded 0 tests from /home/ryahiaoui/jaxy_2019/jax-Y-ws/dep/01_G-Jax-Swar-Api/.evosuite/evosuite-seeds/com.rac021.jax.api.streamers.StreamerOutputTemplate.seed
* Total number of test goals: 
  - Line 49
  - Branch 14
  - Exception 0
  - MutationFactory 27
  - Output 11
  - Method 5
  - MethodNoException 5
  - CBranchFitnessFactory 14
* Using seed 1526311980982
* Starting evolution
[MASTER] 17:33:16.290 [pool-2-thread-1] WARN  TestSuiteFitnessFunction - TG: Exception caught: Conflicting persistence unit definitions for name 'EvoSuiteDB': file:/home/ryahiaoui/.m2/repository/org/evosuite/evosuite-master/1.0.6/evosuite-master-1.0.6.jar, file:/home/ryahiaoui/.m2/repository/org/evosuite/evosuite-standalone-runtime/1.0.6/evosuite-standalone-runtime-1.0.6.jar
java.lang.IllegalStateException: Conflicting persistence unit definitions for name 'EvoSuiteDB': file:/home/ryahiaoui/.m2/repository/org/evosuite/evosuite-master/1.0.6/evosuite-master-1.0.6.jar, file:/home/ryahiaoui/.m2/repository/org/evosuite/evosuite-standalone-runtime/1.0.6/evosuite-standalone-runtime-1.0.6.jar
	at org.evosuite.shaded.org.springframework.orm.jpa.persistenceunit.DefaultPersistenceUnitManager.preparePersistenceUnitInfos(DefaultPersistenceUnitManager.java:472) ~[evosuite-standalone-runtime-1.0.6.jar:1.0.6]
	at org.evosuite.shaded.org.springframework.orm.jpa.persistenceunit.DefaultPersistenceUnitManager.afterPropertiesSet(DefaultPersistenceUnitManager.java:426) ~[evosuite-standalone-runtime-1.0.6.jar:1.0.6]
	at org.evosuite.shaded.org.springframework.orm.jpa.LocalContainerEntityManagerFactoryBean.afterPropertiesSet(LocalContainerEntityManagerFactoryBean.java:325) ~[evosuite-standalone-runtime-1.0.6.jar:1.0.6]
	at org.evosuite.runtime.javaee.javax.persistence.EvoEntityManagerFactory.createEMFWithSpring(EvoEntityManagerFactory.java:96) ~[evosuite-standalone-runtime-1.0.6.jar:1.0.6]
	at org.evosuite.runtime.javaee.javax.persistence.EvoEntityManagerFactory.<init>(EvoEntityManagerFactory.java:50) ~[evosuite-standalone-runtime-1.0.6.jar:1.0.6]
	at org.evosuite.runtime.javaee.db.DBManager.initDB(DBManager.java:147) ~[evosuite-standalone-runtime-1.0.6.jar:1.0.6]
	at org.evosuite.runtime.Runtime.resetRuntime(Runtime.java:115) ~[evosuite-standalone-runtime-1.0.6.jar:1.0.6]
	at org.evosuite.testcase.execution.TestCaseExecutor.execute(TestCaseExecutor.java:303) ~[evosuite-master-1.0.6.jar:1.0.6]
	at org.evosuite.testcase.execution.TestCaseExecutor.execute(TestCaseExecutor.java:277) ~[evosuite-master-1.0.6.jar:1.0.6]
	at org.evosuite.testcase.execution.TestCaseExecutor.execute(TestCaseExecutor.java:264) ~[evosuite-master-1.0.6.jar:1.0.6]
	at org.evosuite.testsuite.TestSuiteFitnessFunction.runTest(TestSuiteFitnessFunction.java:63) [evosuite-master-1.0.6.jar:1.0.6]
	at org.evosuite.testcase.TestChromosome.executeForFitnessFunction(TestChromosome.java:692) [evosuite-master-1.0.6.jar:1.0.6]
	at org.evosuite.testsuite.TestSuiteFitnessFunction.runTestSuite(TestSuiteFitnessFunction.java:97) [evosuite-master-1.0.6.jar:1.0.6]
	at org.evosuite.coverage.line.LineCoverageSuiteFitness.getFitness(LineCoverageSuiteFitness.java:157) [evosuite-master-1.0.6.jar:1.0.6]
	at org.evosuite.coverage.line.LineCoverageSuiteFitness.getFitness(LineCoverageSuiteFitness.java:45) [evosuite-master-1.0.6.jar:1.0.6]
	at org.evosuite.ga.metaheuristics.GeneticAlgorithm.calculateFitnessAndSortPopulation(GeneticAlgorithm.java:579) [evosuite-master-1.0.6.jar:1.0.6]
	at org.evosuite.ga.metaheuristics.MonotonicGA.initializePopulation(MonotonicGA.java:206) [evosuite-master-1.0.6.jar:1.0.6]
	at org.evosuite.ga.metaheuristics.MonotonicGA.generateSolution(MonotonicGA.java:223) [evosuite-master-1.0.6.jar:1.0.6]
	at org.evosuite.strategy.WholeTestSuiteStrategy.generateTests(WholeTestSuiteStrategy.java:113) [evosuite-master-1.0.6.jar:1.0.6]
	at org.evosuite.TestSuiteGenerator.generateTests(TestSuiteGenerator.java:653) [evosuite-master-1.0.6.jar:1.0.6]
	at org.evosuite.TestSuiteGenerator.generateTestSuite(TestSuiteGenerator.java:236) [evosuite-master-1.0.6.jar:1.0.6]
	at org.evosuite.rmi.service.ClientNodeImpl$1.run(ClientNodeImpl.java:145) [evosuite-master-1.0.6.jar:1.0.6]
	at java.util.concurrent.Executors$RunnableAdapter.call(Executors.java:511) [na:1.8.0_05]
	at java.util.concurrent.FutureTask.run(FutureTask.java:266) [na:1.8.0_05]
	at java.util.concurrent.ThreadPoolExecutor.runWorker(ThreadPoolExecutor.java:1142) [na:1.8.0_05]
	at java.util.concurrent.ThreadPoolExecutor$Worker.run(ThreadPoolExecutor.java:617) [na:1.8.0_05]
	at java.lang.Thread.run(Thread.java:745) [na:1.8.0_05]
[MASTER] 17:33:19.778 [pool-2-thread-1] WARN  TestSuiteFitnessFunction - TG: Exception caught: Conflicting persistence unit definitions for name 'EvoSuiteDB': file:/home/ryahiaoui/.m2/repository/org/evosuite/evosuite-master/1.0.6/evosuite-master-1.0.6.jar, file:/home/ryahiaoui/.m2/repository/org/evosuite/evosuite-standalone-runtime/1.0.6/evosuite-standalone-runtime-1.0.6.jar
java.lang.IllegalStateException: Conflicting persistence unit definitions for name 'EvoSuiteDB': file:/home/ryahiaoui/.m2/repository/org/evosuite/evosuite-master/1.0.6/evosuite-master-1.0.6.jar, file:/home/ryahiaoui/.m2/repository/org/evosuite/evosuite-standalone-runtime/1.0.6/evosuite-standalone-runtime-1.0.6.jar
	at org.evosuite.shaded.org.springframework.orm.jpa.persistenceunit.DefaultPersistenceUnitManager.preparePersistenceUnitInfos(DefaultPersistenceUnitManager.java:472) ~[evosuite-standalone-runtime-1.0.6.jar:1.0.6]
	at org.evosuite.shaded.org.springframework.orm.jpa.persistenceunit.DefaultPersistenceUnitManager.afterPropertiesSet(DefaultPersistenceUnitManager.java:426) ~[evosuite-standalone-runtime-1.0.6.jar:1.0.6]
	at org.evosuite.shaded.org.springframework.orm.jpa.LocalContainerEntityManagerFactoryBean.afterPropertiesSet(LocalContainerEntityManagerFactoryBean.java:325) ~[evosuite-standalone-runtime-1.0.6.jar:1.0.6]
	at org.evosuite.runtime.javaee.javax.persistence.EvoEntityManagerFactory.createEMFWithSpring(EvoEntityManagerFactory.java:96) ~[evosuite-standalone-runtime-1.0.6.jar:1.0.6]
	at org.evosuite.runtime.javaee.javax.persistence.EvoEntityManagerFactory.<init>(EvoEntityManagerFactory.java:50) ~[evosuite-standalone-runtime-1.0.6.jar:1.0.6]
	at org.evosuite.runtime.javaee.db.DBManager.initDB(DBManager.java:147) ~[evosuite-standalone-runtime-1.0.6.jar:1.0.6]
	at org.evosuite.runtime.Runtime.resetRuntime(Runtime.java:115) ~[evosuite-standalone-runtime-1.0.6.jar:1.0.6]
	at org.evosuite.testcase.execution.TestCaseExecutor.execute(TestCaseExecutor.java:303) ~[evosuite-master-1.0.6.jar:1.0.6]
	at org.evosuite.testcase.execution.TestCaseExecutor.execute(TestCaseExecutor.java:277) ~[evosuite-master-1.0.6.jar:1.0.6]
	at org.evosuite.testcase.execution.TestCaseExecutor.execute(TestCaseExecutor.java:264) ~[evosuite-master-1.0.6.jar:1.0.6]
	at org.evosuite.testsuite.TestSuiteFitnessFunction.runTest(TestSuiteFitnessFunction.java:63) [evosuite-master-1.0.6.jar:1.0.6]
	at org.evosuite.testcase.TestChromosome.executeForFitnessFunction(TestChromosome.java:692) [evosuite-master-1.0.6.jar:1.0.6]
	at org.evosuite.testsuite.TestSuiteFitnessFunction.runTestSuite(TestSuiteFitnessFunction.java:97) [evosuite-master-1.0.6.jar:1.0.6]
	at org.evosuite.coverage.line.LineCoverageSuiteFitness.getFitness(LineCoverageSuiteFitness.java:157) [evosuite-master-1.0.6.jar:1.0.6]
	at org.evosuite.coverage.line.LineCoverageSuiteFitness.getFitness(LineCoverageSuiteFitness.java:45) [evosuite-master-1.0.6.jar:1.0.6]
	at org.evosuite.ga.metaheuristics.GeneticAlgorithm.calculateFitnessAndSortPopulation(GeneticAlgorithm.java:579) [evosuite-master-1.0.6.jar:1.0.6]
	at org.evosuite.ga.metaheuristics.MonotonicGA.initializePopulation(MonotonicGA.java:206) [evosuite-master-1.0.6.jar:1.0.6]
	at org.evosuite.ga.metaheuristics.MonotonicGA.generateSolution(MonotonicGA.java:223) [evosuite-master-1.0.6.jar:1.0.6]
	at org.evosuite.strategy.WholeTestSuiteStrategy.generateTests(WholeTestSuiteStrategy.java:113) [evosuite-master-1.0.6.jar:1.0.6]
	at org.evosuite.TestSuiteGenerator.generateTests(TestSuiteGenerator.java:653) [evosuite-master-1.0.6.jar:1.0.6]
	at org.evosuite.TestSuiteGenerator.generateTestSuite(TestSuiteGenerator.java:236) [evosuite-master-1.0.6.jar:1.0.6]
	at org.evosuite.rmi.service.ClientNodeImpl$1.run(ClientNodeImpl.java:145) [evosuite-master-1.0.6.jar:1.0.6]
	at java.util.concurrent.Executors$RunnableAdapter.call(Executors.java:511) [na:1.8.0_05]
	at java.util.concurrent.FutureTask.run(FutureTask.java:266) [na:1.8.0_05]
	at java.util.concurrent.ThreadPoolExecutor.runWorker(ThreadPoolExecutor.java:1142) [na:1.8.0_05]
	at java.util.concurrent.ThreadPoolExecutor$Worker.run(ThreadPoolExecutor.java:617) [na:1.8.0_05]
	at java.lang.Thread.run(Thread.java:745) [na:1.8.0_05]
[MASTER] 17:33:23.235 [pool-2-thread-1] WARN  TestSuiteFitnessFunction - TG: Exception caught: Conflicting persistence unit definitions for name 'EvoSuiteDB': file:/home/ryahiaoui/.m2/repository/org/evosuite/evosuite-master/1.0.6/evosuite-master-1.0.6.jar, file:/home/ryahiaoui/.m2/repository/org/evosuite/evosuite-standalone-runtime/1.0.6/evosuite-standalone-runtime-1.0.6.jar
java.lang.IllegalStateException: Conflicting persistence unit definitions for name 'EvoSuiteDB': file:/home/ryahiaoui/.m2/repository/org/evosuite/evosuite-master/1.0.6/evosuite-master-1.0.6.jar, file:/home/ryahiaoui/.m2/repository/org/evosuite/evosuite-standalone-runtime/1.0.6/evosuite-standalone-runtime-1.0.6.jar
	at org.evosuite.shaded.org.springframework.orm.jpa.persistenceunit.DefaultPersistenceUnitManager.preparePersistenceUnitInfos(DefaultPersistenceUnitManager.java:472) ~[evosuite-standalone-runtime-1.0.6.jar:1.0.6]
	at org.evosuite.shaded.org.springframework.orm.jpa.persistenceunit.DefaultPersistenceUnitManager.afterPropertiesSet(DefaultPersistenceUnitManager.java:426) ~[evosuite-standalone-runtime-1.0.6.jar:1.0.6]
	at org.evosuite.shaded.org.springframework.orm.jpa.LocalContainerEntityManagerFactoryBean.afterPropertiesSet(LocalContainerEntityManagerFactoryBean.java:325) ~[evosuite-standalone-runtime-1.0.6.jar:1.0.6]
	at org.evosuite.runtime.javaee.javax.persistence.EvoEntityManagerFactory.createEMFWithSpring(EvoEntityManagerFactory.java:96) ~[evosuite-standalone-runtime-1.0.6.jar:1.0.6]
	at org.evosuite.runtime.javaee.javax.persistence.EvoEntityManagerFactory.<init>(EvoEntityManagerFactory.java:50) ~[evosuite-standalone-runtime-1.0.6.jar:1.0.6]
	at org.evosuite.runtime.javaee.db.DBManager.initDB(DBManager.java:147) ~[evosuite-standalone-runtime-1.0.6.jar:1.0.6]
	at org.evosuite.runtime.Runtime.resetRuntime(Runtime.java:115) ~[evosuite-standalone-runtime-1.0.6.jar:1.0.6]
	at org.evosuite.testcase.execution.TestCaseExecutor.execute(TestCaseExecutor.java:303) ~[evosuite-master-1.0.6.jar:1.0.6]
	at org.evosuite.testcase.execution.TestCaseExecutor.execute(TestCaseExecutor.java:277) ~[evosuite-master-1.0.6.jar:1.0.6]
	at org.evosuite.testcase.execution.TestCaseExecutor.execute(TestCaseExecutor.java:264) ~[evosuite-master-1.0.6.jar:1.0.6]
	at org.evosuite.testsuite.TestSuiteFitnessFunction.runTest(TestSuiteFitnessFunction.java:63) [evosuite-master-1.0.6.jar:1.0.6]
	at org.evosuite.testcase.TestChromosome.executeForFitnessFunction(TestChromosome.java:692) [evosuite-master-1.0.6.jar:1.0.6]
	at org.evosuite.testsuite.TestSuiteFitnessFunction.runTestSuite(TestSuiteFitnessFunction.java:97) [evosuite-master-1.0.6.jar:1.0.6]
	at org.evosuite.coverage.line.LineCoverageSuiteFitness.getFitness(LineCoverageSuiteFitness.java:157) [evosuite-master-1.0.6.jar:1.0.6]
	at org.evosuite.coverage.line.LineCoverageSuiteFitness.getFitness(LineCoverageSuiteFitness.java:45) [evosuite-master-1.0.6.jar:1.0.6]
	at org.evosuite.ga.metaheuristics.GeneticAlgorithm.calculateFitnessAndSortPopulation(GeneticAlgorithm.java:579) [evosuite-master-1.0.6.jar:1.0.6]
	at org.evosuite.ga.metaheuristics.MonotonicGA.initializePopulation(MonotonicGA.java:206) [evosuite-master-1.0.6.jar:1.0.6]
	at org.evosuite.ga.metaheuristics.MonotonicGA.generateSolution(MonotonicGA.java:223) [evosuite-master-1.0.6.jar:1.0.6]
	at org.evosuite.strategy.WholeTestSuiteStrategy.generateTests(WholeTestSuiteStrategy.java:113) [evosuite-master-1.0.6.jar:1.0.6]
	at org.evosuite.TestSuiteGenerator.generateTests(TestSuiteGenerator.java:653) [evosuite-master-1.0.6.jar:1.0.6]
	at org.evosuite.TestSuiteGenerator.generateTestSuite(TestSuiteGenerator.java:236) [evosuite-master-1.0.6.jar:1.0.6]
	at org.evosuite.rmi.service.ClientNodeImpl$1.run(ClientNodeImpl.java:145) [evosuite-master-1.0.6.jar:1.0.6]
	at java.util.concurrent.Executors$RunnableAdapter.call(Executors.java:511) [na:1.8.0_05]
	at java.util.concurrent.FutureTask.run(FutureTask.java:266) [na:1.8.0_05]
	at java.util.concurrent.ThreadPoolExecutor.runWorker(ThreadPoolExecutor.java:1142) [na:1.8.0_05]
	at java.util.concurrent.ThreadPoolExecutor$Worker.run(ThreadPoolExecutor.java:617) [na:1.8.0_05]
	at java.lang.Thread.run(Thread.java:745) [na:1.8.0_05]
[MASTER] 17:33:26.707 [pool-2-thread-1] WARN  TestSuiteFitnessFunction - TG: Exception caught: Conflicting persistence unit definitions for name 'EvoSuiteDB': file:/home/ryahiaoui/.m2/repository/org/evosuite/evosuite-master/1.0.6/evosuite-master-1.0.6.jar, file:/home/ryahiaoui/.m2/repository/org/evosuite/evosuite-standalone-runtime/1.0.6/evosuite-standalone-runtime-1.0.6.jar
java.lang.IllegalStateException: Conflicting persistence unit definitions for name 'EvoSuiteDB': file:/home/ryahiaoui/.m2/repository/org/evosuite/evosuite-master/1.0.6/evosuite-master-1.0.6.jar, file:/home/ryahiaoui/.m2/repository/org/evosuite/evosuite-standalone-runtime/1.0.6/evosuite-standalone-runtime-1.0.6.jar
	at org.evosuite.shaded.org.springframework.orm.jpa.persistenceunit.DefaultPersistenceUnitManager.preparePersistenceUnitInfos(DefaultPersistenceUnitManager.java:472) ~[evosuite-standalone-runtime-1.0.6.jar:1.0.6]
	at org.evosuite.shaded.org.springframework.orm.jpa.persistenceunit.DefaultPersistenceUnitManager.afterPropertiesSet(DefaultPersistenceUnitManager.java:426) ~[evosuite-standalone-runtime-1.0.6.jar:1.0.6]
	at org.evosuite.shaded.org.springframework.orm.jpa.LocalContainerEntityManagerFactoryBean.afterPropertiesSet(LocalContainerEntityManagerFactoryBean.java:325) ~[evosuite-standalone-runtime-1.0.6.jar:1.0.6]
	at org.evosuite.runtime.javaee.javax.persistence.EvoEntityManagerFactory.createEMFWithSpring(EvoEntityManagerFactory.java:96) ~[evosuite-standalone-runtime-1.0.6.jar:1.0.6]
	at org.evosuite.runtime.javaee.javax.persistence.EvoEntityManagerFactory.<init>(EvoEntityManagerFactory.java:50) ~[evosuite-standalone-runtime-1.0.6.jar:1.0.6]
	at org.evosuite.runtime.javaee.db.DBManager.initDB(DBManager.java:147) ~[evosuite-standalone-runtime-1.0.6.jar:1.0.6]
	at org.evosuite.runtime.Runtime.resetRuntime(Runtime.java:115) ~[evosuite-standalone-runtime-1.0.6.jar:1.0.6]
	at org.evosuite.testcase.execution.TestCaseExecutor.execute(TestCaseExecutor.java:303) ~[evosuite-master-1.0.6.jar:1.0.6]
	at org.evosuite.testcase.execution.TestCaseExecutor.execute(TestCaseExecutor.java:277) ~[evosuite-master-1.0.6.jar:1.0.6]
	at org.evosuite.testcase.execution.TestCaseExecutor.execute(TestCaseExecutor.java:264) ~[evosuite-master-1.0.6.jar:1.0.6]
	at org.evosuite.testsuite.TestSuiteFitnessFunction.runTest(TestSuiteFitnessFunction.java:63) [evosuite-master-1.0.6.jar:1.0.6]
	at org.evosuite.testcase.TestChromosome.executeForFitnessFunction(TestChromosome.java:692) [evosuite-master-1.0.6.jar:1.0.6]
	at org.evosuite.testsuite.TestSuiteFitnessFunction.runTestSuite(TestSuiteFitnessFunction.java:97) [evosuite-master-1.0.6.jar:1.0.6]
	at org.evosuite.coverage.line.LineCoverageSuiteFitness.getFitness(LineCoverageSuiteFitness.java:157) [evosuite-master-1.0.6.jar:1.0.6]
	at org.evosuite.coverage.line.LineCoverageSuiteFitness.getFitness(LineCoverageSuiteFitness.java:45) [evosuite-master-1.0.6.jar:1.0.6]
	at org.evosuite.ga.metaheuristics.GeneticAlgorithm.calculateFitnessAndSortPopulation(GeneticAlgorithm.java:579) [evosuite-master-1.0.6.jar:1.0.6]
	at org.evosuite.ga.metaheuristics.MonotonicGA.initializePopulation(MonotonicGA.java:206) [evosuite-master-1.0.6.jar:1.0.6]
	at org.evosuite.ga.metaheuristics.MonotonicGA.generateSolution(MonotonicGA.java:223) [evosuite-master-1.0.6.jar:1.0.6]
	at org.evosuite.strategy.WholeTestSuiteStrategy.generateTests(WholeTestSuiteStrategy.java:113) [evosuite-master-1.0.6.jar:1.0.6]
	at org.evosuite.TestSuiteGenerator.generateTests(TestSuiteGenerator.java:653) [evosuite-master-1.0.6.jar:1.0.6]
	at org.evosuite.TestSuiteGenerator.generateTestSuite(TestSuiteGenerator.java:236) [evosuite-master-1.0.6.jar:1.0.6]
	at org.evosuite.rmi.service.ClientNodeImpl$1.run(ClientNodeImpl.java:145) [evosuite-master-1.0.6.jar:1.0.6]
	at java.util.concurrent.Executors$RunnableAdapter.call(Executors.java:511) [na:1.8.0_05]
	at java.util.concurrent.FutureTask.run(FutureTask.java:266) [na:1.8.0_05]
	at java.util.concurrent.ThreadPoolExecutor.runWorker(ThreadPoolExecutor.java:1142) [na:1.8.0_05]
	at java.util.concurrent.ThreadPoolExecutor$Worker.run(ThreadPoolExecutor.java:617) [na:1.8.0_05]
	at java.lang.Thread.run(Thread.java:745) [na:1.8.0_05]
[MASTER] 17:33:29.990 [pool-2-thread-1] WARN  TestSuiteFitnessFunction - TG: Exception caught: Conflicting persistence unit definitions for name 'EvoSuiteDB': file:/home/ryahiaoui/.m2/repository/org/evosuite/evosuite-master/1.0.6/evosuite-master-1.0.6.jar, file:/home/ryahiaoui/.m2/repository/org/evosuite/evosuite-standalone-runtime/1.0.6/evosuite-standalone-runtime-1.0.6.jar
java.lang.IllegalStateException: Conflicting persistence unit definitions for name 'EvoSuiteDB': file:/home/ryahiaoui/.m2/repository/org/evosuite/evosuite-master/1.0.6/evosuite-master-1.0.6.jar, file:/home/ryahiaoui/.m2/repository/org/evosuite/evosuite-standalone-runtime/1.0.6/evosuite-standalone-runtime-1.0.6.jar
	at org.evosuite.shaded.org.springframework.orm.jpa.persistenceunit.DefaultPersistenceUnitManager.preparePersistenceUnitInfos(DefaultPersistenceUnitManager.java:472) ~[evosuite-standalone-runtime-1.0.6.jar:1.0.6]
	at org.evosuite.shaded.org.springframework.orm.jpa.persistenceunit.DefaultPersistenceUnitManager.afterPropertiesSet(DefaultPersistenceUnitManager.java:426) ~[evosuite-standalone-runtime-1.0.6.jar:1.0.6]
	at org.evosuite.shaded.org.springframework.orm.jpa.LocalContainerEntityManagerFactoryBean.afterPropertiesSet(LocalContainerEntityManagerFactoryBean.java:325) ~[evosuite-standalone-runtime-1.0.6.jar:1.0.6]
	at org.evosuite.runtime.javaee.javax.persistence.EvoEntityManagerFactory.createEMFWithSpring(EvoEntityManagerFactory.java:96) ~[evosuite-standalone-runtime-1.0.6.jar:1.0.6]
	at org.evosuite.runtime.javaee.javax.persistence.EvoEntityManagerFactory.<init>(EvoEntityManagerFactory.java:50) ~[evosuite-standalone-runtime-1.0.6.jar:1.0.6]
	at org.evosuite.runtime.javaee.db.DBManager.initDB(DBManager.java:147) ~[evosuite-standalone-runtime-1.0.6.jar:1.0.6]
	at org.evosuite.runtime.Runtime.resetRuntime(Runtime.java:115) ~[evosuite-standalone-runtime-1.0.6.jar:1.0.6]
	at org.evosuite.testcase.execution.TestCaseExecutor.execute(TestCaseExecutor.java:303) ~[evosuite-master-1.0.6.jar:1.0.6]
	at org.evosuite.testcase.execution.TestCaseExecutor.execute(TestCaseExecutor.java:277) ~[evosuite-master-1.0.6.jar:1.0.6]
	at org.evosuite.testcase.execution.TestCaseExecutor.execute(TestCaseExecutor.java:264) ~[evosuite-master-1.0.6.jar:1.0.6]
	at org.evosuite.testsuite.TestSuiteFitnessFunction.runTest(TestSuiteFitnessFunction.java:63) [evosuite-master-1.0.6.jar:1.0.6]
	at org.evosuite.testcase.TestChromosome.executeForFitnessFunction(TestChromosome.java:692) [evosuite-master-1.0.6.jar:1.0.6]
	at org.evosuite.testsuite.TestSuiteFitnessFunction.runTestSuite(TestSuiteFitnessFunction.java:97) [evosuite-master-1.0.6.jar:1.0.6]
	at org.evosuite.coverage.line.LineCoverageSuiteFitness.getFitness(LineCoverageSuiteFitness.java:157) [evosuite-master-1.0.6.jar:1.0.6]
	at org.evosuite.coverage.line.LineCoverageSuiteFitness.getFitness(LineCoverageSuiteFitness.java:45) [evosuite-master-1.0.6.jar:1.0.6]
	at org.evosuite.ga.metaheuristics.GeneticAlgorithm.calculateFitnessAndSortPopulation(GeneticAlgorithm.java:579) [evosuite-master-1.0.6.jar:1.0.6]
	at org.evosuite.ga.metaheuristics.MonotonicGA.initializePopulation(MonotonicGA.java:206) [evosuite-master-1.0.6.jar:1.0.6]
	at org.evosuite.ga.metaheuristics.MonotonicGA.generateSolution(MonotonicGA.java:223) [evosuite-master-1.0.6.jar:1.0.6]
	at org.evosuite.strategy.WholeTestSuiteStrategy.generateTests(WholeTestSuiteStrategy.java:113) [evosuite-master-1.0.6.jar:1.0.6]
	at org.evosuite.TestSuiteGenerator.generateTests(TestSuiteGenerator.java:653) [evosuite-master-1.0.6.jar:1.0.6]
	at org.evosuite.TestSuiteGenerator.generateTestSuite(TestSuiteGenerator.java:236) [evosuite-master-1.0.6.jar:1.0.6]
	at org.evosuite.rmi.service.ClientNodeImpl$1.run(ClientNodeImpl.java:145) [evosuite-master-1.0.6.jar:1.0.6]
	at java.util.concurrent.Executors$RunnableAdapter.call(Executors.java:511) [na:1.8.0_05]
	at java.util.concurrent.FutureTask.run(FutureTask.java:266) [na:1.8.0_05]
	at java.util.concurrent.ThreadPoolExecutor.runWorker(ThreadPoolExecutor.java:1142) [na:1.8.0_05]
	at java.util.concurrent.ThreadPoolExecutor$Worker.run(ThreadPoolExecutor.java:617) [na:1.8.0_05]
	at java.lang.Thread.run(Thread.java:745) [na:1.8.0_05]
[MASTER] 17:33:33.300 [pool-2-thread-1] WARN  TestSuiteFitnessFunction - TG: Exception caught: Conflicting persistence unit definitions for name 'EvoSuiteDB': file:/home/ryahiaoui/.m2/repository/org/evosuite/evosuite-master/1.0.6/evosuite-master-1.0.6.jar, file:/home/ryahiaoui/.m2/repository/org/evosuite/evosuite-standalone-runtime/1.0.6/evosuite-standalone-runtime-1.0.6.jar
java.lang.IllegalStateException: Conflicting persistence unit definitions for name 'EvoSuiteDB': file:/home/ryahiaoui/.m2/repository/org/evosuite/evosuite-master/1.0.6/evosuite-master-1.0.6.jar, file:/home/ryahiaoui/.m2/repository/org/evosuite/evosuite-standalone-runtime/1.0.6/evosuite-standalone-runtime-1.0.6.jar
	at org.evosuite.shaded.org.springframework.orm.jpa.persistenceunit.DefaultPersistenceUnitManager.preparePersistenceUnitInfos(DefaultPersistenceUnitManager.java:472) ~[evosuite-standalone-runtime-1.0.6.jar:1.0.6]
	at org.evosuite.shaded.org.springframework.orm.jpa.persistenceunit.DefaultPersistenceUnitManager.afterPropertiesSet(DefaultPersistenceUnitManager.java:426) ~[evosuite-standalone-runtime-1.0.6.jar:1.0.6]
	at org.evosuite.shaded.org.springframework.orm.jpa.LocalContainerEntityManagerFactoryBean.afterPropertiesSet(LocalContainerEntityManagerFactoryBean.java:325) ~[evosuite-standalone-runtime-1.0.6.jar:1.0.6]
	at org.evosuite.runtime.javaee.javax.persistence.EvoEntityManagerFactory.createEMFWithSpring(EvoEntityManagerFactory.java:96) ~[evosuite-standalone-runtime-1.0.6.jar:1.0.6]
	at org.evosuite.runtime.javaee.javax.persistence.EvoEntityManagerFactory.<init>(EvoEntityManagerFactory.java:50) ~[evosuite-standalone-runtime-1.0.6.jar:1.0.6]
	at org.evosuite.runtime.javaee.db.DBManager.initDB(DBManager.java:147) ~[evosuite-standalone-runtime-1.0.6.jar:1.0.6]
	at org.evosuite.runtime.Runtime.resetRuntime(Runtime.java:115) ~[evosuite-standalone-runtime-1.0.6.jar:1.0.6]
	at org.evosuite.testcase.execution.TestCaseExecutor.execute(TestCaseExecutor.java:303) ~[evosuite-master-1.0.6.jar:1.0.6]
	at org.evosuite.testcase.execution.TestCaseExecutor.execute(TestCaseExecutor.java:277) ~[evosuite-master-1.0.6.jar:1.0.6]
	at org.evosuite.testcase.execution.TestCaseExecutor.execute(TestCaseExecutor.java:264) ~[evosuite-master-1.0.6.jar:1.0.6]
	at org.evosuite.testsuite.TestSuiteFitnessFunction.runTest(TestSuiteFitnessFunction.java:63) [evosuite-master-1.0.6.jar:1.0.6]
	at org.evosuite.testcase.TestChromosome.executeForFitnessFunction(TestChromosome.java:692) [evosuite-master-1.0.6.jar:1.0.6]
	at org.evosuite.testsuite.TestSuiteFitnessFunction.runTestSuite(TestSuiteFitnessFunction.java:97) [evosuite-master-1.0.6.jar:1.0.6]
	at org.evosuite.coverage.line.LineCoverageSuiteFitness.getFitness(LineCoverageSuiteFitness.java:157) [evosuite-master-1.0.6.jar:1.0.6]
	at org.evosuite.coverage.line.LineCoverageSuiteFitness.getFitness(LineCoverageSuiteFitness.java:45) [evosuite-master-1.0.6.jar:1.0.6]
	at org.evosuite.ga.metaheuristics.GeneticAlgorithm.calculateFitnessAndSortPopulation(GeneticAlgorithm.java:579) [evosuite-master-1.0.6.jar:1.0.6]
	at org.evosuite.ga.metaheuristics.MonotonicGA.initializePopulation(MonotonicGA.java:206) [evosuite-master-1.0.6.jar:1.0.6]
	at org.evosuite.ga.metaheuristics.MonotonicGA.generateSolution(MonotonicGA.java:223) [evosuite-master-1.0.6.jar:1.0.6]
	at org.evosuite.strategy.WholeTestSuiteStrategy.generateTests(WholeTestSuiteStrategy.java:113) [evosuite-master-1.0.6.jar:1.0.6]
	at org.evosuite.TestSuiteGenerator.generateTests(TestSuiteGenerator.java:653) [evosuite-master-1.0.6.jar:1.0.6]
	at org.evosuite.TestSuiteGenerator.generateTestSuite(TestSuiteGenerator.java:236) [evosuite-master-1.0.6.jar:1.0.6]
	at org.evosuite.rmi.service.ClientNodeImpl$1.run(ClientNodeImpl.java:145) [evosuite-master-1.0.6.jar:1.0.6]
	at java.util.concurrent.Executors$RunnableAdapter.call(Executors.java:511) [na:1.8.0_05]
	at java.util.concurrent.FutureTask.run(FutureTask.java:266) [na:1.8.0_05]
	at java.util.concurrent.ThreadPoolExecutor.runWorker(ThreadPoolExecutor.java:1142) [na:1.8.0_05]
	at java.util.concurrent.ThreadPoolExecutor$Worker.run(ThreadPoolExecutor.java:617) [na:1.8.0_05]
	at java.lang.Thread.run(Thread.java:745) [na:1.8.0_05]
[MASTER] 17:33:37.322 [pool-2-thread-1] WARN  TestSuiteFitnessFunction - TG: Exception caught: Conflicting persistence unit definitions for name 'EvoSuiteDB': file:/home/ryahiaoui/.m2/repository/org/evosuite/evosuite-master/1.0.6/evosuite-master-1.0.6.jar, file:/home/ryahiaoui/.m2/repository/org/evosuite/evosuite-standalone-runtime/1.0.6/evosuite-standalone-runtime-1.0.6.jar
java.lang.IllegalStateException: Conflicting persistence unit definitions for name 'EvoSuiteDB': file:/home/ryahiaoui/.m2/repository/org/evosuite/evosuite-master/1.0.6/evosuite-master-1.0.6.jar, file:/home/ryahiaoui/.m2/repository/org/evosuite/evosuite-standalone-runtime/1.0.6/evosuite-standalone-runtime-1.0.6.jar
	at org.evosuite.shaded.org.springframework.orm.jpa.persistenceunit.DefaultPersistenceUnitManager.preparePersistenceUnitInfos(DefaultPersistenceUnitManager.java:472) ~[evosuite-standalone-runtime-1.0.6.jar:1.0.6]
	at org.evosuite.shaded.org.springframework.orm.jpa.persistenceunit.DefaultPersistenceUnitManager.afterPropertiesSet(DefaultPersistenceUnitManager.java:426) ~[evosuite-standalone-runtime-1.0.6.jar:1.0.6]
	at org.evosuite.shaded.org.springframework.orm.jpa.LocalContainerEntityManagerFactoryBean.afterPropertiesSet(LocalContainerEntityManagerFactoryBean.java:325) ~[evosuite-standalone-runtime-1.0.6.jar:1.0.6]
	at org.evosuite.runtime.javaee.javax.persistence.EvoEntityManagerFactory.createEMFWithSpring(EvoEntityManagerFactory.java:96) ~[evosuite-standalone-runtime-1.0.6.jar:1.0.6]
	at org.evosuite.runtime.javaee.javax.persistence.EvoEntityManagerFactory.<init>(EvoEntityManagerFactory.java:50) ~[evosuite-standalone-runtime-1.0.6.jar:1.0.6]
	at org.evosuite.runtime.javaee.db.DBManager.initDB(DBManager.java:147) ~[evosuite-standalone-runtime-1.0.6.jar:1.0.6]
	at org.evosuite.runtime.Runtime.resetRuntime(Runtime.java:115) ~[evosuite-standalone-runtime-1.0.6.jar:1.0.6]
	at org.evosuite.testcase.execution.TestCaseExecutor.execute(TestCaseExecutor.java:303) ~[evosuite-master-1.0.6.jar:1.0.6]
	at org.evosuite.testcase.execution.TestCaseExecutor.execute(TestCaseExecutor.java:277) ~[evosuite-master-1.0.6.jar:1.0.6]
	at org.evosuite.testcase.execution.TestCaseExecutor.execute(TestCaseExecutor.java:264) ~[evosuite-master-1.0.6.jar:1.0.6]
	at org.evosuite.testsuite.TestSuiteFitnessFunction.runTest(TestSuiteFitnessFunction.java:63) [evosuite-master-1.0.6.jar:1.0.6]
	at org.evosuite.testcase.TestChromosome.executeForFitnessFunction(TestChromosome.java:692) [evosuite-master-1.0.6.jar:1.0.6]
	at org.evosuite.testsuite.TestSuiteFitnessFunction.runTestSuite(TestSuiteFitnessFunction.java:97) [evosuite-master-1.0.6.jar:1.0.6]
	at org.evosuite.coverage.line.LineCoverageSuiteFitness.getFitness(LineCoverageSuiteFitness.java:157) [evosuite-master-1.0.6.jar:1.0.6]
	at org.evosuite.coverage.line.LineCoverageSuiteFitness.getFitness(LineCoverageSuiteFitness.java:45) [evosuite-master-1.0.6.jar:1.0.6]
	at org.evosuite.ga.metaheuristics.GeneticAlgorithm.calculateFitnessAndSortPopulation(GeneticAlgorithm.java:579) [evosuite-master-1.0.6.jar:1.0.6]
	at org.evosuite.ga.metaheuristics.MonotonicGA.initializePopulation(MonotonicGA.java:206) [evosuite-master-1.0.6.jar:1.0.6]
	at org.evosuite.ga.metaheuristics.MonotonicGA.generateSolution(MonotonicGA.java:223) [evosuite-master-1.0.6.jar:1.0.6]
	at org.evosuite.strategy.WholeTestSuiteStrategy.generateTests(WholeTestSuiteStrategy.java:113) [evosuite-master-1.0.6.jar:1.0.6]
	at org.evosuite.TestSuiteGenerator.generateTests(TestSuiteGenerator.java:653) [evosuite-master-1.0.6.jar:1.0.6]
	at org.evosuite.TestSuiteGenerator.generateTestSuite(TestSuiteGenerator.java:236) [evosuite-master-1.0.6.jar:1.0.6]
	at org.evosuite.rmi.service.ClientNodeImpl$1.run(ClientNodeImpl.java:145) [evosuite-master-1.0.6.jar:1.0.6]
	at java.util.concurrent.Executors$RunnableAdapter.call(Executors.java:511) [na:1.8.0_05]
	at java.util.concurrent.FutureTask.run(FutureTask.java:266) [na:1.8.0_05]
	at java.util.concurrent.ThreadPoolExecutor.runWorker(ThreadPoolExecutor.java:1142) [na:1.8.0_05]
	at java.util.concurrent.ThreadPoolExecutor$Worker.run(ThreadPoolExecutor.java:617) [na:1.8.0_05]
	at java.lang.Thread.run(Thread.java:745) [na:1.8.0_05]
[MASTER] 17:33:40.994 [pool-2-thread-1] WARN  TestSuiteFitnessFunction - TG: Exception caught: Conflicting persistence unit definitions for name 'EvoSuiteDB': file:/home/ryahiaoui/.m2/repository/org/evosuite/evosuite-master/1.0.6/evosuite-master-1.0.6.jar, file:/home/ryahiaoui/.m2/repository/org/evosuite/evosuite-standalone-runtime/1.0.6/evosuite-standalone-runtime-1.0.6.jar
java.lang.IllegalStateException: Conflicting persistence unit definitions for name 'EvoSuiteDB': file:/home/ryahiaoui/.m2/repository/org/evosuite/evosuite-master/1.0.6/evosuite-master-1.0.6.jar, file:/home/ryahiaoui/.m2/repository/org/evosuite/evosuite-standalone-runtime/1.0.6/evosuite-standalone-runtime-1.0.6.jar
	at org.evosuite.shaded.org.springframework.orm.jpa.persistenceunit.DefaultPersistenceUnitManager.preparePersistenceUnitInfos(DefaultPersistenceUnitManager.java:472) ~[evosuite-standalone-runtime-1.0.6.jar:1.0.6]
	at org.evosuite.shaded.org.springframework.orm.jpa.persistenceunit.DefaultPersistenceUnitManager.afterPropertiesSet(DefaultPersistenceUnitManager.java:426) ~[evosuite-standalone-runtime-1.0.6.jar:1.0.6]
	at org.evosuite.shaded.org.springframework.orm.jpa.LocalContainerEntityManagerFactoryBean.afterPropertiesSet(LocalContainerEntityManagerFactoryBean.java:325) ~[evosuite-standalone-runtime-1.0.6.jar:1.0.6]
	at org.evosuite.runtime.javaee.javax.persistence.EvoEntityManagerFactory.createEMFWithSpring(EvoEntityManagerFactory.java:96) ~[evosuite-standalone-runtime-1.0.6.jar:1.0.6]
	at org.evosuite.runtime.javaee.javax.persistence.EvoEntityManagerFactory.<init>(EvoEntityManagerFactory.java:50) ~[evosuite-standalone-runtime-1.0.6.jar:1.0.6]
	at org.evosuite.runtime.javaee.db.DBManager.initDB(DBManager.java:147) ~[evosuite-standalone-runtime-1.0.6.jar:1.0.6]
	at org.evosuite.runtime.Runtime.resetRuntime(Runtime.java:115) ~[evosuite-standalone-runtime-1.0.6.jar:1.0.6]
	at org.evosuite.testcase.execution.TestCaseExecutor.execute(TestCaseExecutor.java:303) ~[evosuite-master-1.0.6.jar:1.0.6]
	at org.evosuite.testcase.execution.TestCaseExecutor.execute(TestCaseExecutor.java:277) ~[evosuite-master-1.0.6.jar:1.0.6]
	at org.evosuite.testcase.execution.TestCaseExecutor.execute(TestCaseExecutor.java:264) ~[evosuite-master-1.0.6.jar:1.0.6]
	at org.evosuite.testsuite.TestSuiteFitnessFunction.runTest(TestSuiteFitnessFunction.java:63) [evosuite-master-1.0.6.jar:1.0.6]
	at org.evosuite.testcase.TestChromosome.executeForFitnessFunction(TestChromosome.java:692) [evosuite-master-1.0.6.jar:1.0.6]
	at org.evosuite.testsuite.TestSuiteFitnessFunction.runTestSuite(TestSuiteFitnessFunction.java:97) [evosuite-master-1.0.6.jar:1.0.6]
	at org.evosuite.coverage.line.LineCoverageSuiteFitness.getFitness(LineCoverageSuiteFitness.java:157) [evosuite-master-1.0.6.jar:1.0.6]
	at org.evosuite.coverage.line.LineCoverageSuiteFitness.getFitness(LineCoverageSuiteFitness.java:45) [evosuite-master-1.0.6.jar:1.0.6]
	at org.evosuite.ga.metaheuristics.GeneticAlgorithm.calculateFitnessAndSortPopulation(GeneticAlgorithm.java:579) [evosuite-master-1.0.6.jar:1.0.6]
	at org.evosuite.ga.metaheuristics.MonotonicGA.initializePopulation(MonotonicGA.java:206) [evosuite-master-1.0.6.jar:1.0.6]
	at org.evosuite.ga.metaheuristics.MonotonicGA.generateSolution(MonotonicGA.java:223) [evosuite-master-1.0.6.jar:1.0.6]
	at org.evosuite.strategy.WholeTestSuiteStrategy.generateTests(WholeTestSuiteStrategy.java:113) [evosuite-master-1.0.6.jar:1.0.6]
	at org.evosuite.TestSuiteGenerator.generateTests(TestSuiteGenerator.java:653) [evosuite-master-1.0.6.jar:1.0.6]
	at org.evosuite.TestSuiteGenerator.generateTestSuite(TestSuiteGenerator.java:236) [evosuite-master-1.0.6.jar:1.0.6]
	at org.evosuite.rmi.service.ClientNodeImpl$1.run(ClientNodeImpl.java:145) [evosuite-master-1.0.6.jar:1.0.6]
	at java.util.concurrent.Executors$RunnableAdapter.call(Executors.java:511) [na:1.8.0_05]
	at java.util.concurrent.FutureTask.run(FutureTask.java:266) [na:1.8.0_05]
	at java.util.concurrent.ThreadPoolExecutor.runWorker(ThreadPoolExecutor.java:1142) [na:1.8.0_05]
	at java.util.concurrent.ThreadPoolExecutor$Worker.run(ThreadPoolExecutor.java:617) [na:1.8.0_05]
	at java.lang.Thread.run(Thread.java:745) [na:1.8.0_05]
[MASTER] 17:33:44.645 [pool-2-thread-1] WARN  TestSuiteFitnessFunction - TG: Exception caught: Conflicting persistence unit definitions for name 'EvoSuiteDB': file:/home/ryahiaoui/.m2/repository/org/evosuite/evosuite-master/1.0.6/evosuite-master-1.0.6.jar, file:/home/ryahiaoui/.m2/repository/org/evosuite/evosuite-standalone-runtime/1.0.6/evosuite-standalone-runtime-1.0.6.jar
java.lang.IllegalStateException: Conflicting persistence unit definitions for name 'EvoSuiteDB': file:/home/ryahiaoui/.m2/repository/org/evosuite/evosuite-master/1.0.6/evosuite-master-1.0.6.jar, file:/home/ryahiaoui/.m2/repository/org/evosuite/evosuite-standalone-runtime/1.0.6/evosuite-standalone-runtime-1.0.6.jar
	at org.evosuite.shaded.org.springframework.orm.jpa.persistenceunit.DefaultPersistenceUnitManager.preparePersistenceUnitInfos(DefaultPersistenceUnitManager.java:472) ~[evosuite-standalone-runtime-1.0.6.jar:1.0.6]
	at org.evosuite.shaded.org.springframework.orm.jpa.persistenceunit.DefaultPersistenceUnitManager.afterPropertiesSet(DefaultPersistenceUnitManager.java:426) ~[evosuite-standalone-runtime-1.0.6.jar:1.0.6]
	at org.evosuite.shaded.org.springframework.orm.jpa.LocalContainerEntityManagerFactoryBean.afterPropertiesSet(LocalContainerEntityManagerFactoryBean.java:325) ~[evosuite-standalone-runtime-1.0.6.jar:1.0.6]
	at org.evosuite.runtime.javaee.javax.persistence.EvoEntityManagerFactory.createEMFWithSpring(EvoEntityManagerFactory.java:96) ~[evosuite-standalone-runtime-1.0.6.jar:1.0.6]
	at org.evosuite.runtime.javaee.javax.persistence.EvoEntityManagerFactory.<init>(EvoEntityManagerFactory.java:50) ~[evosuite-standalone-runtime-1.0.6.jar:1.0.6]
	at org.evosuite.runtime.javaee.db.DBManager.initDB(DBManager.java:147) ~[evosuite-standalone-runtime-1.0.6.jar:1.0.6]
	at org.evosuite.runtime.Runtime.resetRuntime(Runtime.java:115) ~[evosuite-standalone-runtime-1.0.6.jar:1.0.6]
	at org.evosuite.testcase.execution.TestCaseExecutor.execute(TestCaseExecutor.java:303) ~[evosuite-master-1.0.6.jar:1.0.6]
	at org.evosuite.testcase.execution.TestCaseExecutor.execute(TestCaseExecutor.java:277) ~[evosuite-master-1.0.6.jar:1.0.6]
	at org.evosuite.testcase.execution.TestCaseExecutor.execute(TestCaseExecutor.java:264) ~[evosuite-master-1.0.6.jar:1.0.6]
	at org.evosuite.testsuite.TestSuiteFitnessFunction.runTest(TestSuiteFitnessFunction.java:63) [evosuite-master-1.0.6.jar:1.0.6]
	at org.evosuite.testcase.TestChromosome.executeForFitnessFunction(TestChromosome.java:692) [evosuite-master-1.0.6.jar:1.0.6]
	at org.evosuite.testsuite.TestSuiteFitnessFunction.runTestSuite(TestSuiteFitnessFunction.java:97) [evosuite-master-1.0.6.jar:1.0.6]
	at org.evosuite.coverage.line.LineCoverageSuiteFitness.getFitness(LineCoverageSuiteFitness.java:157) [evosuite-master-1.0.6.jar:1.0.6]
	at org.evosuite.coverage.line.LineCoverageSuiteFitness.getFitness(LineCoverageSuiteFitness.java:45) [evosuite-master-1.0.6.jar:1.0.6]
	at org.evosuite.ga.metaheuristics.GeneticAlgorithm.calculateFitnessAndSortPopulation(GeneticAlgorithm.java:579) [evosuite-master-1.0.6.jar:1.0.6]
	at org.evosuite.ga.metaheuristics.MonotonicGA.initializePopulation(MonotonicGA.java:206) [evosuite-master-1.0.6.jar:1.0.6]
	at org.evosuite.ga.metaheuristics.MonotonicGA.generateSolution(MonotonicGA.java:223) [evosuite-master-1.0.6.jar:1.0.6]
	at org.evosuite.strategy.WholeTestSuiteStrategy.generateTests(WholeTestSuiteStrategy.java:113) [evosuite-master-1.0.6.jar:1.0.6]
	at org.evosuite.TestSuiteGenerator.generateTests(TestSuiteGenerator.java:653) [evosuite-master-1.0.6.jar:1.0.6]
	at org.evosuite.TestSuiteGenerator.generateTestSuite(TestSuiteGenerator.java:236) [evosuite-master-1.0.6.jar:1.0.6]
	at org.evosuite.rmi.service.ClientNodeImpl$1.run(ClientNodeImpl.java:145) [evosuite-master-1.0.6.jar:1.0.6]
	at java.util.concurrent.Executors$RunnableAdapter.call(Executors.java:511) [na:1.8.0_05]
	at java.util.concurrent.FutureTask.run(FutureTask.java:266) [na:1.8.0_05]
	at java.util.concurrent.ThreadPoolExecutor.runWorker(ThreadPoolExecutor.java:1142) [na:1.8.0_05]
	at java.util.concurrent.ThreadPoolExecutor$Worker.run(ThreadPoolExecutor.java:617) [na:1.8.0_05]
	at java.lang.Thread.run(Thread.java:745) [na:1.8.0_05]
[MASTER] 17:33:47.861 [pool-2-thread-1] WARN  TestSuiteFitnessFunction - TG: Exception caught: Conflicting persistence unit definitions for name 'EvoSuiteDB': file:/home/ryahiaoui/.m2/repository/org/evosuite/evosuite-master/1.0.6/evosuite-master-1.0.6.jar, file:/home/ryahiaoui/.m2/repository/org/evosuite/evosuite-standalone-runtime/1.0.6/evosuite-standalone-runtime-1.0.6.jar
java.lang.IllegalStateException: Conflicting persistence unit definitions for name 'EvoSuiteDB': file:/home/ryahiaoui/.m2/repository/org/evosuite/evosuite-master/1.0.6/evosuite-master-1.0.6.jar, file:/home/ryahiaoui/.m2/repository/org/evosuite/evosuite-standalone-runtime/1.0.6/evosuite-standalone-runtime-1.0.6.jar
	at org.evosuite.shaded.org.springframework.orm.jpa.persistenceunit.DefaultPersistenceUnitManager.preparePersistenceUnitInfos(DefaultPersistenceUnitManager.java:472) ~[evosuite-standalone-runtime-1.0.6.jar:1.0.6]
	at org.evosuite.shaded.org.springframework.orm.jpa.persistenceunit.DefaultPersistenceUnitManager.afterPropertiesSet(DefaultPersistenceUnitManager.java:426) ~[evosuite-standalone-runtime-1.0.6.jar:1.0.6]
	at org.evosuite.shaded.org.springframework.orm.jpa.LocalContainerEntityManagerFactoryBean.afterPropertiesSet(LocalContainerEntityManagerFactoryBean.java:325) ~[evosuite-standalone-runtime-1.0.6.jar:1.0.6]
	at org.evosuite.runtime.javaee.javax.persistence.EvoEntityManagerFactory.createEMFWithSpring(EvoEntityManagerFactory.java:96) ~[evosuite-standalone-runtime-1.0.6.jar:1.0.6]
	at org.evosuite.runtime.javaee.javax.persistence.EvoEntityManagerFactory.<init>(EvoEntityManagerFactory.java:50) ~[evosuite-standalone-runtime-1.0.6.jar:1.0.6]
	at org.evosuite.runtime.javaee.db.DBManager.initDB(DBManager.java:147) ~[evosuite-standalone-runtime-1.0.6.jar:1.0.6]
	at org.evosuite.runtime.Runtime.resetRuntime(Runtime.java:115) ~[evosuite-standalone-runtime-1.0.6.jar:1.0.6]
	at org.evosuite.testcase.execution.TestCaseExecutor.execute(TestCaseExecutor.java:303) ~[evosuite-master-1.0.6.jar:1.0.6]
	at org.evosuite.testcase.execution.TestCaseExecutor.execute(TestCaseExecutor.java:277) ~[evosuite-master-1.0.6.jar:1.0.6]
	at org.evosuite.testcase.execution.TestCaseExecutor.execute(TestCaseExecutor.java:264) ~[evosuite-master-1.0.6.jar:1.0.6]
	at org.evosuite.testsuite.TestSuiteFitnessFunction.runTest(TestSuiteFitnessFunction.java:63) [evosuite-master-1.0.6.jar:1.0.6]
	at org.evosuite.testcase.TestChromosome.executeForFitnessFunction(TestChromosome.java:692) [evosuite-master-1.0.6.jar:1.0.6]
	at org.evosuite.testsuite.TestSuiteFitnessFunction.runTestSuite(TestSuiteFitnessFunction.java:97) [evosuite-master-1.0.6.jar:1.0.6]
	at org.evosuite.coverage.line.LineCoverageSuiteFitness.getFitness(LineCoverageSuiteFitness.java:157) [evosuite-master-1.0.6.jar:1.0.6]
	at org.evosuite.coverage.line.LineCoverageSuiteFitness.getFitness(LineCoverageSuiteFitness.java:45) [evosuite-master-1.0.6.jar:1.0.6]
	at org.evosuite.ga.metaheuristics.GeneticAlgorithm.calculateFitnessAndSortPopulation(GeneticAlgorithm.java:579) [evosuite-master-1.0.6.jar:1.0.6]
	at org.evosuite.ga.metaheuristics.MonotonicGA.initializePopulation(MonotonicGA.java:206) [evosuite-master-1.0.6.jar:1.0.6]
	at org.evosuite.ga.metaheuristics.MonotonicGA.generateSolution(MonotonicGA.java:223) [evosuite-master-1.0.6.jar:1.0.6]
	at org.evosuite.strategy.WholeTestSuiteStrategy.generateTests(WholeTestSuiteStrategy.java:113) [evosuite-master-1.0.6.jar:1.0.6]
	at org.evosuite.TestSuiteGenerator.generateTests(TestSuiteGenerator.java:653) [evosuite-master-1.0.6.jar:1.0.6]
	at org.evosuite.TestSuiteGenerator.generateTestSuite(TestSuiteGenerator.java:236) [evosuite-master-1.0.6.jar:1.0.6]
	at org.evosuite.rmi.service.ClientNodeImpl$1.run(ClientNodeImpl.java:145) [evosuite-master-1.0.6.jar:1.0.6]
	at java.util.concurrent.Executors$RunnableAdapter.call(Executors.java:511) [na:1.8.0_05]
	at java.util.concurrent.FutureTask.run(FutureTask.java:266) [na:1.8.0_05]
	at java.util.concurrent.ThreadPoolExecutor.runWorker(ThreadPoolExecutor.java:1142) [na:1.8.0_05]
	at java.util.concurrent.ThreadPoolExecutor$Worker.run(ThreadPoolExecutor.java:617) [na:1.8.0_05]
	at java.lang.Thread.run(Thread.java:745) [na:1.8.0_05]
[MASTER] 17:33:51.193 [pool-2-thread-1] WARN  TestSuiteFitnessFunction - TG: Exception caught: Conflicting persistence unit definitions for name 'EvoSuiteDB': file:/home/ryahiaoui/.m2/repository/org/evosuite/evosuite-master/1.0.6/evosuite-master-1.0.6.jar, file:/home/ryahiaoui/.m2/repository/org/evosuite/evosuite-standalone-runtime/1.0.6/evosuite-standalone-runtime-1.0.6.jar
java.lang.IllegalStateException: Conflicting persistence unit definitions for name 'EvoSuiteDB': file:/home/ryahiaoui/.m2/repository/org/evosuite/evosuite-master/1.0.6/evosuite-master-1.0.6.jar, file:/home/ryahiaoui/.m2/repository/org/evosuite/evosuite-standalone-runtime/1.0.6/evosuite-standalone-runtime-1.0.6.jar
	at org.evosuite.shaded.org.springframework.orm.jpa.persistenceunit.DefaultPersistenceUnitManager.preparePersistenceUnitInfos(DefaultPersistenceUnitManager.java:472) ~[evosuite-standalone-runtime-1.0.6.jar:1.0.6]
	at org.evosuite.shaded.org.springframework.orm.jpa.persistenceunit.DefaultPersistenceUnitManager.afterPropertiesSet(DefaultPersistenceUnitManager.java:426) ~[evosuite-standalone-runtime-1.0.6.jar:1.0.6]
	at org.evosuite.shaded.org.springframework.orm.jpa.LocalContainerEntityManagerFactoryBean.afterPropertiesSet(LocalContainerEntityManagerFactoryBean.java:325) ~[evosuite-standalone-runtime-1.0.6.jar:1.0.6]
	at org.evosuite.runtime.javaee.javax.persistence.EvoEntityManagerFactory.createEMFWithSpring(EvoEntityManagerFactory.java:96) ~[evosuite-standalone-runtime-1.0.6.jar:1.0.6]
	at org.evosuite.runtime.javaee.javax.persistence.EvoEntityManagerFactory.<init>(EvoEntityManagerFactory.java:50) ~[evosuite-standalone-runtime-1.0.6.jar:1.0.6]
	at org.evosuite.runtime.javaee.db.DBManager.initDB(DBManager.java:147) ~[evosuite-standalone-runtime-1.0.6.jar:1.0.6]
	at org.evosuite.runtime.Runtime.resetRuntime(Runtime.java:115) ~[evosuite-standalone-runtime-1.0.6.jar:1.0.6]
	at org.evosuite.testcase.execution.TestCaseExecutor.execute(TestCaseExecutor.java:303) ~[evosuite-master-1.0.6.jar:1.0.6]
	at org.evosuite.testcase.execution.TestCaseExecutor.execute(TestCaseExecutor.java:277) ~[evosuite-master-1.0.6.jar:1.0.6]
	at org.evosuite.testcase.execution.TestCaseExecutor.execute(TestCaseExecutor.java:264) ~[evosuite-master-1.0.6.jar:1.0.6]
	at org.evosuite.testsuite.TestSuiteFitnessFunction.runTest(TestSuiteFitnessFunction.java:63) [evosuite-master-1.0.6.jar:1.0.6]
	at org.evosuite.testcase.TestChromosome.executeForFitnessFunction(TestChromosome.java:692) [evosuite-master-1.0.6.jar:1.0.6]
	at org.evosuite.testsuite.TestSuiteFitnessFunction.runTestSuite(TestSuiteFitnessFunction.java:97) [evosuite-master-1.0.6.jar:1.0.6]
	at org.evosuite.coverage.line.LineCoverageSuiteFitness.getFitness(LineCoverageSuiteFitness.java:157) [evosuite-master-1.0.6.jar:1.0.6]
	at org.evosuite.coverage.line.LineCoverageSuiteFitness.getFitness(LineCoverageSuiteFitness.java:45) [evosuite-master-1.0.6.jar:1.0.6]
	at org.evosuite.ga.metaheuristics.GeneticAlgorithm.calculateFitnessAndSortPopulation(GeneticAlgorithm.java:579) [evosuite-master-1.0.6.jar:1.0.6]
	at org.evosuite.ga.metaheuristics.MonotonicGA.initializePopulation(MonotonicGA.java:206) [evosuite-master-1.0.6.jar:1.0.6]
	at org.evosuite.ga.metaheuristics.MonotonicGA.generateSolution(MonotonicGA.java:223) [evosuite-master-1.0.6.jar:1.0.6]
	at org.evosuite.strategy.WholeTestSuiteStrategy.generateTests(WholeTestSuiteStrategy.java:113) [evosuite-master-1.0.6.jar:1.0.6]
	at org.evosuite.TestSuiteGenerator.generateTests(TestSuiteGenerator.java:653) [evosuite-master-1.0.6.jar:1.0.6]
	at org.evosuite.TestSuiteGenerator.generateTestSuite(TestSuiteGenerator.java:236) [evosuite-master-1.0.6.jar:1.0.6]
	at org.evosuite.rmi.service.ClientNodeImpl$1.run(ClientNodeImpl.java:145) [evosuite-master-1.0.6.jar:1.0.6]
	at java.util.concurrent.Executors$RunnableAdapter.call(Executors.java:511) [na:1.8.0_05]
	at java.util.concurrent.FutureTask.run(FutureTask.java:266) [na:1.8.0_05]
	at java.util.concurrent.ThreadPoolExecutor.runWorker(ThreadPoolExecutor.java:1142) [na:1.8.0_05]
	at java.util.concurrent.ThreadPoolExecutor$Worker.run(ThreadPoolExecutor.java:617) [na:1.8.0_05]
	at java.lang.Thread.run(Thread.java:745) [na:1.8.0_05]
[MASTER] 17:33:55.667 [pool-2-thread-1] WARN  TestSuiteFitnessFunction - TG: Exception caught: Conflicting persistence unit definitions for name 'EvoSuiteDB': file:/home/ryahiaoui/.m2/repository/org/evosuite/evosuite-master/1.0.6/evosuite-master-1.0.6.jar, file:/home/ryahiaoui/.m2/repository/org/evosuite/evosuite-standalone-runtime/1.0.6/evosuite-standalone-runtime-1.0.6.jar
java.lang.IllegalStateException: Conflicting persistence unit definitions for name 'EvoSuiteDB': file:/home/ryahiaoui/.m2/repository/org/evosuite/evosuite-master/1.0.6/evosuite-master-1.0.6.jar, file:/home/ryahiaoui/.m2/repository/org/evosuite/evosuite-standalone-runtime/1.0.6/evosuite-standalone-runtime-1.0.6.jar
	at org.evosuite.shaded.org.springframework.orm.jpa.persistenceunit.DefaultPersistenceUnitManager.preparePersistenceUnitInfos(DefaultPersistenceUnitManager.java:472) ~[evosuite-standalone-runtime-1.0.6.jar:1.0.6]
	at org.evosuite.shaded.org.springframework.orm.jpa.persistenceunit.DefaultPersistenceUnitManager.afterPropertiesSet(DefaultPersistenceUnitManager.java:426) ~[evosuite-standalone-runtime-1.0.6.jar:1.0.6]
	at org.evosuite.shaded.org.springframework.orm.jpa.LocalContainerEntityManagerFactoryBean.afterPropertiesSet(LocalContainerEntityManagerFactoryBean.java:325) ~[evosuite-standalone-runtime-1.0.6.jar:1.0.6]
	at org.evosuite.runtime.javaee.javax.persistence.EvoEntityManagerFactory.createEMFWithSpring(EvoEntityManagerFactory.java:96) ~[evosuite-standalone-runtime-1.0.6.jar:1.0.6]
	at org.evosuite.runtime.javaee.javax.persistence.EvoEntityManagerFactory.<init>(EvoEntityManagerFactory.java:50) ~[evosuite-standalone-runtime-1.0.6.jar:1.0.6]
	at org.evosuite.runtime.javaee.db.DBManager.initDB(DBManager.java:147) ~[evosuite-standalone-runtime-1.0.6.jar:1.0.6]
	at org.evosuite.runtime.Runtime.resetRuntime(Runtime.java:115) ~[evosuite-standalone-runtime-1.0.6.jar:1.0.6]
	at org.evosuite.testcase.execution.TestCaseExecutor.execute(TestCaseExecutor.java:303) ~[evosuite-master-1.0.6.jar:1.0.6]
	at org.evosuite.testcase.execution.TestCaseExecutor.execute(TestCaseExecutor.java:277) ~[evosuite-master-1.0.6.jar:1.0.6]
	at org.evosuite.testcase.execution.TestCaseExecutor.execute(TestCaseExecutor.java:264) ~[evosuite-master-1.0.6.jar:1.0.6]
	at org.evosuite.testsuite.TestSuiteFitnessFunction.runTest(TestSuiteFitnessFunction.java:63) [evosuite-master-1.0.6.jar:1.0.6]
	at org.evosuite.testcase.TestChromosome.executeForFitnessFunction(TestChromosome.java:692) [evosuite-master-1.0.6.jar:1.0.6]
	at org.evosuite.testsuite.TestSuiteFitnessFunction.runTestSuite(TestSuiteFitnessFunction.java:97) [evosuite-master-1.0.6.jar:1.0.6]
	at org.evosuite.coverage.line.LineCoverageSuiteFitness.getFitness(LineCoverageSuiteFitness.java:157) [evosuite-master-1.0.6.jar:1.0.6]
	at org.evosuite.coverage.line.LineCoverageSuiteFitness.getFitness(LineCoverageSuiteFitness.java:45) [evosuite-master-1.0.6.jar:1.0.6]
	at org.evosuite.ga.metaheuristics.GeneticAlgorithm.calculateFitnessAndSortPopulation(GeneticAlgorithm.java:579) [evosuite-master-1.0.6.jar:1.0.6]
	at org.evosuite.ga.metaheuristics.MonotonicGA.initializePopulation(MonotonicGA.java:206) [evosuite-master-1.0.6.jar:1.0.6]
	at org.evosuite.ga.metaheuristics.MonotonicGA.generateSolution(MonotonicGA.java:223) [evosuite-master-1.0.6.jar:1.0.6]
	at org.evosuite.strategy.WholeTestSuiteStrategy.generateTests(WholeTestSuiteStrategy.java:113) [evosuite-master-1.0.6.jar:1.0.6]
	at org.evosuite.TestSuiteGenerator.generateTests(TestSuiteGenerator.java:653) [evosuite-master-1.0.6.jar:1.0.6]
	at org.evosuite.TestSuiteGenerator.generateTestSuite(TestSuiteGenerator.java:236) [evosuite-master-1.0.6.jar:1.0.6]
	at org.evosuite.rmi.service.ClientNodeImpl$1.run(ClientNodeImpl.java:145) [evosuite-master-1.0.6.jar:1.0.6]
	at java.util.concurrent.Executors$RunnableAdapter.call(Executors.java:511) [na:1.8.0_05]
	at java.util.concurrent.FutureTask.run(FutureTask.java:266) [na:1.8.0_05]
	at java.util.concurrent.ThreadPoolExecutor.runWorker(ThreadPoolExecutor.java:1142) [na:1.8.0_05]
	at java.util.concurrent.ThreadPoolExecutor$Worker.run(ThreadPoolExecutor.java:617) [na:1.8.0_05]
	at java.lang.Thread.run(Thread.java:745) [na:1.8.0_05]
[MASTER] 17:33:59.994 [pool-2-thread-1] WARN  TestSuiteFitnessFunction - TG: Exception caught: Conflicting persistence unit definitions for name 'EvoSuiteDB': file:/home/ryahiaoui/.m2/repository/org/evosuite/evosuite-master/1.0.6/evosuite-master-1.0.6.jar, file:/home/ryahiaoui/.m2/repository/org/evosuite/evosuite-standalone-runtime/1.0.6/evosuite-standalone-runtime-1.0.6.jar
java.lang.IllegalStateException: Conflicting persistence unit definitions for name 'EvoSuiteDB': file:/home/ryahiaoui/.m2/repository/org/evosuite/evosuite-master/1.0.6/evosuite-master-1.0.6.jar, file:/home/ryahiaoui/.m2/repository/org/evosuite/evosuite-standalone-runtime/1.0.6/evosuite-standalone-runtime-1.0.6.jar
	at org.evosuite.shaded.org.springframework.orm.jpa.persistenceunit.DefaultPersistenceUnitManager.preparePersistenceUnitInfos(DefaultPersistenceUnitManager.java:472) ~[evosuite-standalone-runtime-1.0.6.jar:1.0.6]
	at org.evosuite.shaded.org.springframework.orm.jpa.persistenceunit.DefaultPersistenceUnitManager.afterPropertiesSet(DefaultPersistenceUnitManager.java:426) ~[evosuite-standalone-runtime-1.0.6.jar:1.0.6]
	at org.evosuite.shaded.org.springframework.orm.jpa.LocalContainerEntityManagerFactoryBean.afterPropertiesSet(LocalContainerEntityManagerFactoryBean.java:325) ~[evosuite-standalone-runtime-1.0.6.jar:1.0.6]
	at org.evosuite.runtime.javaee.javax.persistence.EvoEntityManagerFactory.createEMFWithSpring(EvoEntityManagerFactory.java:96) ~[evosuite-standalone-runtime-1.0.6.jar:1.0.6]
	at org.evosuite.runtime.javaee.javax.persistence.EvoEntityManagerFactory.<init>(EvoEntityManagerFactory.java:50) ~[evosuite-standalone-runtime-1.0.6.jar:1.0.6]
	at org.evosuite.runtime.javaee.db.DBManager.initDB(DBManager.java:147) ~[evosuite-standalone-runtime-1.0.6.jar:1.0.6]
	at org.evosuite.runtime.Runtime.resetRuntime(Runtime.java:115) ~[evosuite-standalone-runtime-1.0.6.jar:1.0.6]
	at org.evosuite.testcase.execution.TestCaseExecutor.execute(TestCaseExecutor.java:303) ~[evosuite-master-1.0.6.jar:1.0.6]
	at org.evosuite.testcase.execution.TestCaseExecutor.execute(TestCaseExecutor.java:277) ~[evosuite-master-1.0.6.jar:1.0.6]
	at org.evosuite.testcase.execution.TestCaseExecutor.execute(TestCaseExecutor.java:264) ~[evosuite-master-1.0.6.jar:1.0.6]
	at org.evosuite.testsuite.TestSuiteFitnessFunction.runTest(TestSuiteFitnessFunction.java:63) [evosuite-master-1.0.6.jar:1.0.6]
	at org.evosuite.testcase.TestChromosome.executeForFitnessFunction(TestChromosome.java:692) [evosuite-master-1.0.6.jar:1.0.6]
	at org.evosuite.testsuite.TestSuiteFitnessFunction.runTestSuite(TestSuiteFitnessFunction.java:97) [evosuite-master-1.0.6.jar:1.0.6]
	at org.evosuite.coverage.line.LineCoverageSuiteFitness.getFitness(LineCoverageSuiteFitness.java:157) [evosuite-master-1.0.6.jar:1.0.6]
	at org.evosuite.coverage.line.LineCoverageSuiteFitness.getFitness(LineCoverageSuiteFitness.java:45) [evosuite-master-1.0.6.jar:1.0.6]
	at org.evosuite.ga.metaheuristics.GeneticAlgorithm.calculateFitnessAndSortPopulation(GeneticAlgorithm.java:579) [evosuite-master-1.0.6.jar:1.0.6]
	at org.evosuite.ga.metaheuristics.MonotonicGA.initializePopulation(MonotonicGA.java:206) [evosuite-master-1.0.6.jar:1.0.6]
	at org.evosuite.ga.metaheuristics.MonotonicGA.generateSolution(MonotonicGA.java:223) [evosuite-master-1.0.6.jar:1.0.6]
	at org.evosuite.strategy.WholeTestSuiteStrategy.generateTests(WholeTestSuiteStrategy.java:113) [evosuite-master-1.0.6.jar:1.0.6]
	at org.evosuite.TestSuiteGenerator.generateTests(TestSuiteGenerator.java:653) [evosuite-master-1.0.6.jar:1.0.6]
	at org.evosuite.TestSuiteGenerator.generateTestSuite(TestSuiteGenerator.java:236) [evosuite-master-1.0.6.jar:1.0.6]
	at org.evosuite.rmi.service.ClientNodeImpl$1.run(ClientNodeImpl.java:145) [evosuite-master-1.0.6.jar:1.0.6]
	at java.util.concurrent.Executors$RunnableAdapter.call(Executors.java:511) [na:1.8.0_05]
	at java.util.concurrent.FutureTask.run(FutureTask.java:266) [na:1.8.0_05]
	at java.util.concurrent.ThreadPoolExecutor.runWorker(ThreadPoolExecutor.java:1142) [na:1.8.0_05]
	at java.util.concurrent.ThreadPoolExecutor$Worker.run(ThreadPoolExecutor.java:617) [na:1.8.0_05]
	at java.lang.Thread.run(Thread.java:745) [na:1.8.0_05]
[MASTER] 17:34:04.133 [pool-2-thread-1] WARN  TestSuiteFitnessFunction - TG: Exception caught: Conflicting persistence unit definitions for name 'EvoSuiteDB': file:/home/ryahiaoui/.m2/repository/org/evosuite/evosuite-master/1.0.6/evosuite-master-1.0.6.jar, file:/home/ryahiaoui/.m2/repository/org/evosuite/evosuite-standalone-runtime/1.0.6/evosuite-standalone-runtime-1.0.6.jar
java.lang.IllegalStateException: Conflicting persistence unit definitions for name 'EvoSuiteDB': file:/home/ryahiaoui/.m2/repository/org/evosuite/evosuite-master/1.0.6/evosuite-master-1.0.6.jar, file:/home/ryahiaoui/.m2/repository/org/evosuite/evosuite-standalone-runtime/1.0.6/evosuite-standalone-runtime-1.0.6.jar
	at org.evosuite.shaded.org.springframework.orm.jpa.persistenceunit.DefaultPersistenceUnitManager.preparePersistenceUnitInfos(DefaultPersistenceUnitManager.java:472) ~[evosuite-standalone-runtime-1.0.6.jar:1.0.6]
	at org.evosuite.shaded.org.springframework.orm.jpa.persistenceunit.DefaultPersistenceUnitManager.afterPropertiesSet(DefaultPersistenceUnitManager.java:426) ~[evosuite-standalone-runtime-1.0.6.jar:1.0.6]
	at org.evosuite.shaded.org.springframework.orm.jpa.LocalContainerEntityManagerFactoryBean.afterPropertiesSet(LocalContainerEntityManagerFactoryBean.java:325) ~[evosuite-standalone-runtime-1.0.6.jar:1.0.6]
	at org.evosuite.runtime.javaee.javax.persistence.EvoEntityManagerFactory.createEMFWithSpring(EvoEntityManagerFactory.java:96) ~[evosuite-standalone-runtime-1.0.6.jar:1.0.6]
	at org.evosuite.runtime.javaee.javax.persistence.EvoEntityManagerFactory.<init>(EvoEntityManagerFactory.java:50) ~[evosuite-standalone-runtime-1.0.6.jar:1.0.6]
	at org.evosuite.runtime.javaee.db.DBManager.initDB(DBManager.java:147) ~[evosuite-standalone-runtime-1.0.6.jar:1.0.6]
	at org.evosuite.runtime.Runtime.resetRuntime(Runtime.java:115) ~[evosuite-standalone-runtime-1.0.6.jar:1.0.6]
	at org.evosuite.testcase.execution.TestCaseExecutor.execute(TestCaseExecutor.java:303) ~[evosuite-master-1.0.6.jar:1.0.6]
	at org.evosuite.testcase.execution.TestCaseExecutor.execute(TestCaseExecutor.java:277) ~[evosuite-master-1.0.6.jar:1.0.6]
	at org.evosuite.testcase.execution.TestCaseExecutor.execute(TestCaseExecutor.java:264) ~[evosuite-master-1.0.6.jar:1.0.6]
	at org.evosuite.testsuite.TestSuiteFitnessFunction.runTest(TestSuiteFitnessFunction.java:63) [evosuite-master-1.0.6.jar:1.0.6]
	at org.evosuite.testcase.TestChromosome.executeForFitnessFunction(TestChromosome.java:692) [evosuite-master-1.0.6.jar:1.0.6]
	at org.evosuite.testsuite.TestSuiteFitnessFunction.runTestSuite(TestSuiteFitnessFunction.java:97) [evosuite-master-1.0.6.jar:1.0.6]
	at org.evosuite.coverage.line.LineCoverageSuiteFitness.getFitness(LineCoverageSuiteFitness.java:157) [evosuite-master-1.0.6.jar:1.0.6]
	at org.evosuite.coverage.line.LineCoverageSuiteFitness.getFitness(LineCoverageSuiteFitness.java:45) [evosuite-master-1.0.6.jar:1.0.6]
	at org.evosuite.ga.metaheuristics.GeneticAlgorithm.calculateFitnessAndSortPopulation(GeneticAlgorithm.java:579) [evosuite-master-1.0.6.jar:1.0.6]
	at org.evosuite.ga.metaheuristics.MonotonicGA.initializePopulation(MonotonicGA.java:206) [evosuite-master-1.0.6.jar:1.0.6]
	at org.evosuite.ga.metaheuristics.MonotonicGA.generateSolution(MonotonicGA.java:223) [evosuite-master-1.0.6.jar:1.0.6]
	at org.evosuite.strategy.WholeTestSuiteStrategy.generateTests(WholeTestSuiteStrategy.java:113) [evosuite-master-1.0.6.jar:1.0.6]
	at org.evosuite.TestSuiteGenerator.generateTests(TestSuiteGenerator.java:653) [evosuite-master-1.0.6.jar:1.0.6]
	at org.evosuite.TestSuiteGenerator.generateTestSuite(TestSuiteGenerator.java:236) [evosuite-master-1.0.6.jar:1.0.6]
	at org.evosuite.rmi.service.ClientNodeImpl$1.run(ClientNodeImpl.java:145) [evosuite-master-1.0.6.jar:1.0.6]
	at java.util.concurrent.Executors$RunnableAdapter.call(Executors.java:511) [na:1.8.0_05]
	at java.util.concurrent.FutureTask.run(FutureTask.java:266) [na:1.8.0_05]
	at java.util.concurrent.ThreadPoolExecutor.runWorker(ThreadPoolExecutor.java:1142) [na:1.8.0_05]
	at java.util.concurrent.ThreadPoolExecutor$Worker.run(ThreadPoolExecutor.java:617) [na:1.8.0_05]
	at java.lang.Thread.run(Thread.java:745) [na:1.8.0_05]
* Search finished after 59s and 0 generations, 0 statements, best individual has fitness: 108.98
* Writing sequences to pool
