[MASTER] 17:33:07.585 [pool-2-thread-1] ERROR TestCluster - Failed to check cache for java.util.List<E> : Type points to itself
[MASTER] 17:34:08.279 [pool-2-thread-1] ERROR ClientNodeImpl - Error when generating tests for: com.rac021.jax.api.streamers.StreamerOutputTemplate with seed 1526311980982. Configuration id : default
java.lang.IllegalStateException: Conflicting persistence unit definitions for name 'EvoSuiteDB': file:/home/ryahiaoui/.m2/repository/org/evosuite/evosuite-master/1.0.6/evosuite-master-1.0.6.jar, file:/home/ryahiaoui/.m2/repository/org/evosuite/evosuite-standalone-runtime/1.0.6/evosuite-standalone-runtime-1.0.6.jar
	at org.evosuite.shaded.org.springframework.orm.jpa.persistenceunit.DefaultPersistenceUnitManager.preparePersistenceUnitInfos(DefaultPersistenceUnitManager.java:472) ~[evosuite-standalone-runtime-1.0.6.jar:1.0.6]
	at org.evosuite.shaded.org.springframework.orm.jpa.persistenceunit.DefaultPersistenceUnitManager.afterPropertiesSet(DefaultPersistenceUnitManager.java:426) ~[evosuite-standalone-runtime-1.0.6.jar:1.0.6]
	at org.evosuite.shaded.org.springframework.orm.jpa.LocalContainerEntityManagerFactoryBean.afterPropertiesSet(LocalContainerEntityManagerFactoryBean.java:325) ~[evosuite-standalone-runtime-1.0.6.jar:1.0.6]
	at org.evosuite.runtime.javaee.javax.persistence.EvoEntityManagerFactory.createEMFWithSpring(EvoEntityManagerFactory.java:96) ~[evosuite-standalone-runtime-1.0.6.jar:1.0.6]
	at org.evosuite.runtime.javaee.javax.persistence.EvoEntityManagerFactory.<init>(EvoEntityManagerFactory.java:50) ~[evosuite-standalone-runtime-1.0.6.jar:1.0.6]
	at org.evosuite.runtime.javaee.db.DBManager.initDB(DBManager.java:147) ~[evosuite-standalone-runtime-1.0.6.jar:1.0.6]
	at org.evosuite.runtime.Runtime.resetRuntime(Runtime.java:115) ~[evosuite-standalone-runtime-1.0.6.jar:1.0.6]
	at org.evosuite.testcase.execution.TestCaseExecutor.execute(TestCaseExecutor.java:303) ~[evosuite-master-1.0.6.jar:1.0.6]
	at org.evosuite.testcase.execution.TestCaseExecutor.execute(TestCaseExecutor.java:277) ~[evosuite-master-1.0.6.jar:1.0.6]
	at org.evosuite.testcase.execution.TestCaseExecutor.execute(TestCaseExecutor.java:264) ~[evosuite-master-1.0.6.jar:1.0.6]
	at org.evosuite.testcase.ConstantInliner.inline(ConstantInliner.java:69) ~[evosuite-master-1.0.6.jar:1.0.6]
	at org.evosuite.testcase.ConstantInliner.inline(ConstantInliner.java:85) ~[evosuite-master-1.0.6.jar:1.0.6]
	at org.evosuite.testcase.ConstantInliner.inline(ConstantInliner.java:99) ~[evosuite-master-1.0.6.jar:1.0.6]
	at org.evosuite.TestSuiteGenerator.postProcessTests(TestSuiteGenerator.java:411) ~[evosuite-master-1.0.6.jar:1.0.6]
	at org.evosuite.TestSuiteGenerator.generateTestSuite(TestSuiteGenerator.java:238) ~[evosuite-master-1.0.6.jar:1.0.6]
	at org.evosuite.rmi.service.ClientNodeImpl$1.run(ClientNodeImpl.java:145) ~[evosuite-master-1.0.6.jar:1.0.6]
	at java.util.concurrent.Executors$RunnableAdapter.call(Executors.java:511) [na:1.8.0_05]
	at java.util.concurrent.FutureTask.run(FutureTask.java:266) [na:1.8.0_05]
	at java.util.concurrent.ThreadPoolExecutor.runWorker(ThreadPoolExecutor.java:1142) [na:1.8.0_05]
	at java.util.concurrent.ThreadPoolExecutor$Worker.run(ThreadPoolExecutor.java:617) [na:1.8.0_05]
	at java.lang.Thread.run(Thread.java:745) [na:1.8.0_05]
